[kyverno-webhook] dry-run failed (exit=1) stderr='The StatefulSet "release-name-postgresql" is invalid: spec.template.spec.containers[0].volumeMounts[1].name: Not found: "data"'
[kyverno-webhook] dry-run failed (exit=1) stderr='The StatefulSet "release-name-postgresql" is invalid: spec.template.spec.containers[0].volumeMounts[1].name: Not found: "data"'
[kyverno-webhook] dry-run failed (exit=1) stderr='The StatefulSet "release-name-redis" is invalid: spec.template.spec.containers[0].volumeMounts[0].name: Not found: "redis-db"'
[kyverno-webhook] dry-run failed (exit=1) stderr='The StatefulSet "release-name-redis" is invalid: spec.template.spec.containers[0].volumeMounts[0].name: Not found: "redis-db"'
[kyverno-webhook] dry-run failed (exit=1) stderr='The StatefulSet "release-name-redis" is invalid: spec.template.spec.containers[0].volumeMounts[0].name: Not found: "redis-db"'
[kyverno-webhook] dry-run failed (exit=1) stderr='The StatefulSet "release-name-redis" is invalid: spec.template.spec.containers[0].volumeMounts[0].name: Not found: "redis-db"'
[kyverno-webhook] dry-run failed (exit=1) stderr='The StatefulSet "release-name-triggerer" is invalid: \n* spec.template.spec.containers[0].volumeMounts[0].name: Not found: "logs"\n* spec.template.spec.containers[1].volumeMounts[0].name: Not found: "logs"'
[kyverno-webhook] dry-run failed (exit=1) stderr='The StatefulSet "release-name-triggerer" is invalid: \n* spec.template.spec.containers[0].volumeMounts[0].name: Not found: "logs"\n* spec.template.spec.containers[1].volumeMounts[0].name: Not found: "logs"'
[kyverno-webhook] dry-run failed (exit=1) stderr='The StatefulSet "release-name-triggerer" is invalid: \n* spec.template.spec.containers[0].volumeMounts[0].name: Not found: "logs"\n* spec.template.spec.containers[1].volumeMounts[0].name: Not found: "logs"'
[kyverno-webhook] dry-run failed (exit=1) stderr='The StatefulSet "release-name-triggerer" is invalid: \n* spec.template.spec.containers[0].volumeMounts[0].name: Not found: "logs"\n* spec.template.spec.containers[1].volumeMounts[0].name: Not found: "logs"'
[kyverno-webhook] dry-run failed (exit=1) stderr='The StatefulSet "release-name-triggerer" is invalid: \n* spec.template.spec.containers[0].volumeMounts[0].name: Not found: "logs"\n* spec.template.spec.containers[1].volumeMounts[0].name: Not found: "logs"'
[kyverno-webhook] dry-run failed (exit=1) stderr='The StatefulSet "release-name-triggerer" is invalid: \n* spec.template.spec.containers[0].volumeMounts[0].name: Not found: "logs"\n* spec.template.spec.containers[1].volumeMounts[0].name: Not found: "logs"'
[kyverno-webhook] dry-run failed (exit=1) stderr='The StatefulSet "release-name-triggerer" is invalid: \n* spec.template.spec.containers[0].volumeMounts[0].name: Not found: "logs"\n* spec.template.spec.containers[1].volumeMounts[0].name: Not found: "logs"'
[kyverno-webhook] dry-run failed (exit=1) stderr='The StatefulSet "release-name-triggerer" is invalid: \n* spec.template.spec.containers[0].volumeMounts[0].name: Not found: "logs"\n* spec.template.spec.containers[1].volumeMounts[0].name: Not found: "logs"'
[kyverno-webhook] dry-run failed (exit=1) stderr='The StatefulSet "release-name-triggerer" is invalid: \n* spec.template.spec.containers[0].volumeMounts[0].name: Not found: "logs"\n* spec.template.spec.containers[1].volumeMounts[0].name: Not found: "logs"'
[kyverno-webhook] dry-run failed (exit=1) stderr='The StatefulSet "release-name-worker" is invalid: \n* spec.template.spec.containers[0].volumeMounts[0].name: Not found: "logs"\n* spec.template.spec.containers[1].volumeMounts[0].name: Not found: "logs"'
[kyverno-webhook] dry-run failed (exit=1) stderr='The StatefulSet "release-name-worker" is invalid: \n* spec.template.spec.containers[0].volumeMounts[0].name: Not found: "logs"\n* spec.template.spec.containers[1].volumeMounts[0].name: Not found: "logs"'
[kyverno-webhook] dry-run failed (exit=1) stderr='The StatefulSet "release-name-worker" is invalid: \n* spec.template.spec.containers[0].volumeMounts[0].name: Not found: "logs"\n* spec.template.spec.containers[1].volumeMounts[0].name: Not found: "logs"'
[kyverno-webhook] dry-run failed (exit=1) stderr='The StatefulSet "release-name-worker" is invalid: \n* spec.template.spec.containers[0].volumeMounts[0].name: Not found: "logs"\n* spec.template.spec.containers[1].volumeMounts[0].name: Not found: "logs"'
[kyverno-webhook] dry-run failed (exit=1) stderr='The StatefulSet "release-name-worker" is invalid: \n* spec.template.spec.containers[0].volumeMounts[0].name: Not found: "logs"\n* spec.template.spec.containers[1].volumeMounts[0].name: Not found: "logs"'
[kyverno-webhook] dry-run failed (exit=1) stderr='The StatefulSet "release-name-worker" is invalid: \n* spec.template.spec.containers[0].volumeMounts[0].name: Not found: "logs"\n* spec.template.spec.containers[1].volumeMounts[0].name: Not found: "logs"'
[kyverno-webhook] dry-run failed (exit=1) stderr='The StatefulSet "release-name-worker" is invalid: \n* spec.template.spec.containers[0].volumeMounts[0].name: Not found: "logs"\n* spec.template.spec.containers[1].volumeMounts[0].name: Not found: "logs"'
[kyverno-webhook] dry-run failed (exit=1) stderr='The StatefulSet "release-name-worker" is invalid: \n* spec.template.spec.containers[0].volumeMounts[0].name: Not found: "logs"\n* spec.template.spec.containers[1].volumeMounts[0].name: Not found: "logs"'
[kyverno-webhook] dry-run failed (exit=1) stderr='The StatefulSet "release-name-worker" is invalid: \n* spec.template.spec.containers[0].volumeMounts[0].name: Not found: "logs"\n* spec.template.spec.containers[1].volumeMounts[0].name: Not found: "logs"'
[kyverno-webhook] dry-run failed (exit=1) stderr='The Job "release-name-create-user" is invalid: spec.template.spec.restartPolicy: Required value: valid values: "OnFailure", "Never"'
[kyverno-webhook] dry-run failed (exit=1) stderr='The Job "release-name-create-user" is invalid: spec.template.spec.restartPolicy: Required value: valid values: "OnFailure", "Never"'
[kyverno-webhook] dry-run failed (exit=1) stderr='The Job "release-name-create-user" is invalid: spec.template.spec.restartPolicy: Required value: valid values: "OnFailure", "Never"'
[kyverno-webhook] dry-run failed (exit=1) stderr='The Job "release-name-run-airflow-migrations" is invalid: spec.template.spec.restartPolicy: Required value: valid values: "OnFailure", "Never"'
[kyverno-webhook] dry-run failed (exit=1) stderr='The Job "release-name-run-airflow-migrations" is invalid: spec.template.spec.restartPolicy: Required value: valid values: "OnFailure", "Never"'
[kyverno-webhook] dry-run failed (exit=1) stderr='The Job "release-name-run-airflow-migrations" is invalid: spec.template.spec.restartPolicy: Required value: valid values: "OnFailure", "Never"'
[kyverno-webhook] dry-run failed (exit=1) stderr='The Job "release-name-argocd-redis-secret-init" is invalid: spec.template.spec.restartPolicy: Required value: valid values: "OnFailure", "Never"'
[kyverno-webhook] dry-run failed (exit=1) stderr='The Job "release-name-argocd-redis-secret-init" is invalid: spec.template.spec.restartPolicy: Required value: valid values: "OnFailure", "Never"'
[kyverno-webhook] dry-run failed (exit=1) stderr='The StatefulSet "release-name-postgresql" is invalid: \n* spec.template.spec.containers[0].volumeMounts[1].name: Not found: "data"\n* spec.template.spec.initContainers[0].volumeMounts[0].name: Not found: "data"'
[kyverno-webhook] dry-run failed (exit=1) stderr='The StatefulSet "release-name-postgresql" is invalid: \n* spec.template.spec.containers[0].volumeMounts[1].name: Not found: "data"\n* spec.template.spec.initContainers[0].volumeMounts[0].name: Not found: "data"'
[kyverno-webhook] dry-run failed (exit=1) stderr='The StatefulSet "release-name-postgresql" is invalid: \n* spec.template.spec.containers[0].volumeMounts[1].name: Not found: "data"\n* spec.template.spec.initContainers[0].volumeMounts[0].name: Not found: "data"'
[kyverno-webhook] dry-run failed (exit=1) stderr='The StatefulSet "release-name-postgresql" is invalid: \n* spec.template.spec.containers[0].volumeMounts[1].name: Not found: "data"\n* spec.template.spec.initContainers[0].volumeMounts[0].name: Not found: "data"'
[kyverno-webhook] dry-run failed (exit=1) stderr='The StatefulSet "release-name-postgresql" is invalid: \n* spec.template.spec.containers[0].volumeMounts[1].name: Not found: "data"\n* spec.template.spec.initContainers[0].volumeMounts[0].name: Not found: "data"'
[kyverno-webhook] dry-run failed (exit=1) stderr='The StatefulSet "release-name-postgresql" is invalid: \n* spec.template.spec.containers[0].volumeMounts[1].name: Not found: "data"\n* spec.template.spec.initContainers[0].volumeMounts[0].name: Not found: "data"'
[kyverno-webhook] dry-run failed (exit=1) stderr='The Job "db-migrator-install" is invalid: spec.template.spec.restartPolicy: Required value: valid values: "OnFailure", "Never"'
[kyverno-webhook] dry-run failed (exit=1) stderr='The Job "db-migrator-install" is invalid: spec.template.spec.restartPolicy: Required value: valid values: "OnFailure", "Never"'
[kyverno-webhook] dry-run failed (exit=1) stderr='The Job "db-migrator-install" is invalid: spec.template.spec.restartPolicy: Required value: valid values: "OnFailure", "Never"'
[kyverno-webhook] dry-run failed (exit=1) stderr='The Job "db-migrator-install" is invalid: spec.template.spec.restartPolicy: Required value: valid values: "OnFailure", "Never"'
[kyverno-webhook] dry-run failed (exit=1) stderr='The Job "db-migrator-install" is invalid: spec.template.spec.restartPolicy: Required value: valid values: "OnFailure", "Never"'
[kyverno-webhook] dry-run failed (exit=1) stderr='The Job "db-migrator-install" is invalid: spec.template.spec.restartPolicy: Required value: valid values: "OnFailure", "Never"'
[kyverno-webhook] dry-run failed (exit=1) stderr='The Job "db-migrator-install" is invalid: spec.template.spec.restartPolicy: Required value: valid values: "OnFailure", "Never"'
[kyverno-webhook] dry-run failed (exit=1) stderr='The Job "db-migrator-install" is invalid: spec.template.spec.restartPolicy: Required value: valid values: "OnFailure", "Never"'
[kyverno-webhook] dry-run failed (exit=1) stderr='The Job "db-migrator-install" is invalid: spec.template.spec.restartPolicy: Required value: valid values: "OnFailure", "Never"'
[kyverno-webhook] dry-run failed (exit=1) stderr='The CronJob "scanner" is invalid: \n* spec.schedule: Required value\n* spec.jobTemplate.spec.template.spec.containers: Required value\n* spec.jobTemplate.spec.template.spec.restartPolicy: Required value: valid values: "OnFailure", "Never"'
[kyverno-webhook] dry-run failed (exit=1) stderr='The CronJob "scanner" is invalid: \n* spec.schedule: Required value\n* spec.jobTemplate.spec.template.spec.containers: Required value\n* spec.jobTemplate.spec.template.spec.restartPolicy: Required value: valid values: "OnFailure", "Never"'
[kyverno-webhook] dry-run failed (exit=1) stderr='The CronJob "scanner" is invalid: \n* spec.schedule: Required value\n* spec.jobTemplate.spec.template.spec.containers: Required value\n* spec.jobTemplate.spec.template.spec.restartPolicy: Required value: valid values: "OnFailure", "Never"'
[kyverno-webhook] dry-run failed (exit=1) stderr='The CronJob "scanner" is invalid: \n* spec.schedule: Required value\n* spec.jobTemplate.spec.template.spec.containers: Required value\n* spec.jobTemplate.spec.template.spec.restartPolicy: Required value: valid values: "OnFailure", "Never"'
[kyverno-webhook] dry-run failed (exit=1) stderr='The CronJob "scanner" is invalid: \n* spec.schedule: Required value\n* spec.jobTemplate.spec.template.spec.containers: Required value\n* spec.jobTemplate.spec.template.spec.restartPolicy: Required value: valid values: "OnFailure", "Never"'
[kyverno-webhook] dry-run failed (exit=1) stderr='The CronJob "scanner" is invalid: \n* spec.schedule: Required value\n* spec.jobTemplate.spec.template.spec.containers: Required value\n* spec.jobTemplate.spec.template.spec.restartPolicy: Required value: valid values: "OnFailure", "Never"'
[kyverno-webhook] dry-run failed (exit=1) stderr='The CronJob "scanner" is invalid: \n* spec.schedule: Required value\n* spec.jobTemplate.spec.template.spec.containers: Required value\n* spec.jobTemplate.spec.template.spec.restartPolicy: Required value: valid values: "OnFailure", "Never"'
[kyverno-webhook] dry-run failed (exit=1) stderr='The CronJob "scanner" is invalid: \n* spec.schedule: Required value\n* spec.jobTemplate.spec.template.spec.containers: Required value\n* spec.jobTemplate.spec.template.spec.restartPolicy: Required value: valid values: "OnFailure", "Never"'
[kyverno-webhook] dry-run failed (exit=1) stderr='The CronJob "scanner" is invalid: \n* spec.schedule: Required value\n* spec.jobTemplate.spec.template.spec.containers: Required value\n* spec.jobTemplate.spec.template.spec.restartPolicy: Required value: valid values: "OnFailure", "Never"'
[kyverno-webhook] dry-run failed (exit=1) stderr='The CronJob "tracker" is invalid: \n* spec.schedule: Required value\n* spec.jobTemplate.spec.template.spec.containers: Required value\n* spec.jobTemplate.spec.template.spec.restartPolicy: Required value: valid values: "OnFailure", "Never"'
[kyverno-webhook] dry-run failed (exit=1) stderr='The CronJob "tracker" is invalid: \n* spec.schedule: Required value\n* spec.jobTemplate.spec.template.spec.containers: Required value\n* spec.jobTemplate.spec.template.spec.restartPolicy: Required value: valid values: "OnFailure", "Never"'
[kyverno-webhook] dry-run failed (exit=1) stderr='The CronJob "tracker" is invalid: \n* spec.schedule: Required value\n* spec.jobTemplate.spec.template.spec.containers: Required value\n* spec.jobTemplate.spec.template.spec.restartPolicy: Required value: valid values: "OnFailure", "Never"'
[kyverno-webhook] dry-run failed (exit=1) stderr='The CronJob "tracker" is invalid: \n* spec.schedule: Required value\n* spec.jobTemplate.spec.template.spec.containers: Required value\n* spec.jobTemplate.spec.template.spec.restartPolicy: Required value: valid values: "OnFailure", "Never"'
[kyverno-webhook] dry-run failed (exit=1) stderr='The CronJob "tracker" is invalid: \n* spec.schedule: Required value\n* spec.jobTemplate.spec.template.spec.containers: Required value\n* spec.jobTemplate.spec.template.spec.restartPolicy: Required value: valid values: "OnFailure", "Never"'
[kyverno-webhook] dry-run failed (exit=1) stderr='The CronJob "tracker" is invalid: \n* spec.schedule: Required value\n* spec.jobTemplate.spec.template.spec.containers: Required value\n* spec.jobTemplate.spec.template.spec.restartPolicy: Required value: valid values: "OnFailure", "Never"'
[kyverno-webhook] dry-run failed (exit=1) stderr='The CronJob "tracker" is invalid: \n* spec.schedule: Required value\n* spec.jobTemplate.spec.template.spec.containers: Required value\n* spec.jobTemplate.spec.template.spec.restartPolicy: Required value: valid values: "OnFailure", "Never"'
[kyverno-webhook] dry-run failed (exit=1) stderr='The CronJob "tracker" is invalid: \n* spec.schedule: Required value\n* spec.jobTemplate.spec.template.spec.containers: Required value\n* spec.jobTemplate.spec.template.spec.restartPolicy: Required value: valid values: "OnFailure", "Never"'
[kyverno-webhook] dry-run failed (exit=1) stderr='The CronJob "tracker" is invalid: \n* spec.schedule: Required value\n* spec.jobTemplate.spec.template.spec.containers: Required value\n* spec.jobTemplate.spec.template.spec.restartPolicy: Required value: valid values: "OnFailure", "Never"'
[kyverno-webhook] dry-run failed (exit=1) stderr='The StatefulSet "release-name-mariadb" is invalid: spec.template.spec.containers[0].volumeMounts[0].name: Not found: "data"'
[kyverno-webhook] dry-run failed (exit=1) stderr='The StatefulSet "release-name-mariadb" is invalid: spec.template.spec.containers[0].volumeMounts[0].name: Not found: "data"'
[kyverno-webhook] dry-run failed (exit=1) stderr='The StatefulSet "release-name-postgresql" is invalid: spec.template.spec.containers[0].volumeMounts[5].name: Not found: "data"'
[kyverno-webhook] dry-run failed (exit=1) stderr='The StatefulSet "release-name-redis-master" is invalid: spec.template.spec.containers[0].volumeMounts[3].name: Not found: "redis-data"'
[kyverno-webhook] dry-run failed (exit=1) stderr='The StatefulSet "release-name-redis-replicas" is invalid: spec.template.spec.containers[0].volumeMounts[3].name: Not found: "redis-data"'
[kyverno-webhook] dry-run failed (exit=1) stderr='The StatefulSet "release-name-mariadb" is invalid: spec.template.spec.containers[0].volumeMounts[0].name: Not found: "data"'
[kyverno-webhook] dry-run failed (exit=1) stderr='The StatefulSet "release-name-mariadb" is invalid: spec.template.spec.containers[0].volumeMounts[0].name: Not found: "data"'
[kyverno-webhook] dry-run failed (exit=1) stderr='The Job "release-name-cert-manager-startupapicheck" is invalid: spec.template.spec.restartPolicy: Required value: valid values: "OnFailure", "Never"'
[kyverno-webhook] dry-run failed (exit=1) stderr='The Job "release-name-cert-manager-startupapicheck" is invalid: spec.template.spec.restartPolicy: Required value: valid values: "OnFailure", "Never"'
[kyverno-webhook] dry-run failed (exit=1) stderr='The StatefulSet "elasticsearch-master" is invalid: spec.template.spec.containers[0].volumeMounts[0].name: Not found: "elasticsearch-master"'
[kyverno-webhook] dry-run failed (exit=1) stderr='The StatefulSet "elasticsearch-master" is invalid: spec.template.spec.containers[0].volumeMounts[0].name: Not found: "elasticsearch-master"'
[kyverno-webhook] dry-run failed (exit=1) stderr='The StatefulSet "elasticsearch-master" is invalid: spec.template.spec.containers[0].volumeMounts[0].name: Not found: "elasticsearch-master"'
[kyverno-webhook] dry-run failed (exit=1) stderr='The StatefulSet "elasticsearch-master" is invalid: spec.template.spec.containers[0].volumeMounts[0].name: Not found: "elasticsearch-master"'
[kyverno-webhook] dry-run failed (exit=1) stderr='The StatefulSet "elasticsearch-master" is invalid: spec.template.spec.containers[0].volumeMounts[0].name: Not found: "elasticsearch-master"'
[kyverno-webhook] dry-run failed (exit=1) stderr='The StatefulSet "elasticsearch-master" is invalid: spec.template.spec.containers[0].volumeMounts[0].name: Not found: "elasticsearch-master"'
[kyverno-webhook] dry-run failed (exit=1) stderr='The StatefulSet "elasticsearch-master" is invalid: spec.template.spec.containers[0].volumeMounts[0].name: Not found: "elasticsearch-master"'
[kyverno-webhook] dry-run failed (exit=1) stderr='Error from server (Forbidden): error when creating "/var/folders/5d/35n_63091x51cjnl2zsvb2s40000gn/T/kyverno_webhook_zhysivz1/00272.yaml": pods "release-name-grafana-test" is forbidden: error looking up service account default/release-name-grafana-test: serviceaccount "release-name-grafana-test" not found'
[kyverno-webhook] dry-run failed (exit=1) stderr='Error from server (Forbidden): error when creating "/var/folders/5d/35n_63091x51cjnl2zsvb2s40000gn/T/kyverno_webhook_zhysivz1/00273.yaml": pods "release-name-grafana-test" is forbidden: error looking up service account default/release-name-grafana-test: serviceaccount "release-name-grafana-test" not found'
[kyverno-webhook] dry-run failed (exit=1) stderr='Error from server (Forbidden): error when creating "/var/folders/5d/35n_63091x51cjnl2zsvb2s40000gn/T/kyverno_webhook_zhysivz1/00274.yaml": pods "release-name-grafana-test" is forbidden: error looking up service account default/release-name-grafana-test: serviceaccount "release-name-grafana-test" not found'
[kyverno-webhook] dry-run failed (exit=1) stderr='Error from server (Forbidden): error when creating "/var/folders/5d/35n_63091x51cjnl2zsvb2s40000gn/T/kyverno_webhook_zhysivz1/00275.yaml": pods "release-name-grafana-test" is forbidden: error looking up service account default/release-name-grafana-test: serviceaccount "release-name-grafana-test" not found'
[kyverno-webhook] dry-run failed (exit=1) stderr='The StatefulSet "release-name-harbor-database" is invalid: \n* spec.template.spec.containers[0].volumeMounts[0].name: Not found: "database-data"\n* spec.template.spec.initContainers[0].volumeMounts[0].name: Not found: "database-data"'
[kyverno-webhook] dry-run failed (exit=1) stderr='The StatefulSet "release-name-harbor-database" is invalid: \n* spec.template.spec.containers[0].volumeMounts[0].name: Not found: "database-data"\n* spec.template.spec.initContainers[0].volumeMounts[0].name: Not found: "database-data"'
[kyverno-webhook] dry-run failed (exit=1) stderr='The StatefulSet "release-name-harbor-database" is invalid: \n* spec.template.spec.containers[0].volumeMounts[0].name: Not found: "database-data"\n* spec.template.spec.initContainers[0].volumeMounts[0].name: Not found: "database-data"'
[kyverno-webhook] dry-run failed (exit=1) stderr='The StatefulSet "release-name-harbor-database" is invalid: \n* spec.template.spec.containers[0].volumeMounts[0].name: Not found: "database-data"\n* spec.template.spec.initContainers[0].volumeMounts[0].name: Not found: "database-data"'
[kyverno-webhook] dry-run failed (exit=1) stderr='The StatefulSet "release-name-harbor-database" is invalid: \n* spec.template.spec.containers[0].volumeMounts[0].name: Not found: "database-data"\n* spec.template.spec.initContainers[0].volumeMounts[0].name: Not found: "database-data"'
[kyverno-webhook] dry-run failed (exit=1) stderr='The StatefulSet "release-name-harbor-database" is invalid: \n* spec.template.spec.containers[0].volumeMounts[0].name: Not found: "database-data"\n* spec.template.spec.initContainers[0].volumeMounts[0].name: Not found: "database-data"'
[kyverno-webhook] dry-run failed (exit=1) stderr='The StatefulSet "release-name-harbor-redis" is invalid: spec.template.spec.containers[0].volumeMounts[0].name: Not found: "data"'
[kyverno-webhook] dry-run failed (exit=1) stderr='The StatefulSet "release-name-harbor-redis" is invalid: spec.template.spec.containers[0].volumeMounts[0].name: Not found: "data"'
[kyverno-webhook] dry-run failed (exit=1) stderr='The StatefulSet "release-name-harbor-redis" is invalid: spec.template.spec.containers[0].volumeMounts[0].name: Not found: "data"'
[kyverno-webhook] dry-run failed (exit=1) stderr='The StatefulSet "release-name-harbor-trivy" is invalid: spec.template.spec.containers[0].volumeMounts[0].name: Not found: "data"'
[kyverno-webhook] dry-run failed (exit=1) stderr='The StatefulSet "release-name-vault" is invalid: spec.template.spec.containers[0].volumeMounts[0].name: Not found: "data"'
[kyverno-webhook] dry-run failed (exit=1) stderr='The StatefulSet "release-name-vault" is invalid: spec.template.spec.containers[0].volumeMounts[0].name: Not found: "data"'
[kyverno-webhook] dry-run failed (exit=1) stderr='The StatefulSet "release-name-vault" is invalid: spec.template.spec.containers[0].volumeMounts[0].name: Not found: "data"'
[kyverno-webhook] dry-run failed (exit=1) stderr='The Job "release-name-ingress-nginx-admission-create" is invalid: spec.template.spec.restartPolicy: Required value: valid values: "OnFailure", "Never"'
[kyverno-webhook] dry-run failed (exit=1) stderr='The Job "release-name-ingress-nginx-admission-create" is invalid: spec.template.spec.restartPolicy: Required value: valid values: "OnFailure", "Never"'
[kyverno-webhook] dry-run failed (exit=1) stderr='The Job "release-name-ingress-nginx-admission-patch" is invalid: spec.template.spec.restartPolicy: Required value: valid values: "OnFailure", "Never"'
[kyverno-webhook] dry-run failed (exit=1) stderr='The Job "release-name-ingress-nginx-admission-patch" is invalid: spec.template.spec.restartPolicy: Required value: valid values: "OnFailure", "Never"'
[kyverno-webhook] dry-run failed (exit=1) stderr='The Job "longhorn-post-upgrade" is invalid: spec.template.spec.restartPolicy: Required value: valid values: "OnFailure", "Never"'
[kyverno-webhook] dry-run failed (exit=1) stderr='The Job "longhorn-post-upgrade" is invalid: spec.template.spec.restartPolicy: Required value: valid values: "OnFailure", "Never"'
[kyverno-webhook] dry-run failed (exit=1) stderr='The Job "longhorn-post-upgrade" is invalid: spec.template.spec.restartPolicy: Required value: valid values: "OnFailure", "Never"'
[kyverno-webhook] dry-run failed (exit=1) stderr='The Job "longhorn-post-upgrade" is invalid: spec.template.spec.restartPolicy: Required value: valid values: "OnFailure", "Never"'
[kyverno-webhook] dry-run failed (exit=1) stderr='The Job "longhorn-pre-upgrade" is invalid: spec.template.spec.restartPolicy: Required value: valid values: "OnFailure", "Never"'
[kyverno-webhook] dry-run failed (exit=1) stderr='The Job "longhorn-pre-upgrade" is invalid: spec.template.spec.restartPolicy: Required value: valid values: "OnFailure", "Never"'
[kyverno-webhook] dry-run failed (exit=1) stderr='The Job "longhorn-pre-upgrade" is invalid: spec.template.spec.restartPolicy: Required value: valid values: "OnFailure", "Never"'
[kyverno-webhook] dry-run failed (exit=1) stderr='The Job "longhorn-pre-upgrade" is invalid: spec.template.spec.restartPolicy: Required value: valid values: "OnFailure", "Never"'
[kyverno-webhook] dry-run failed (exit=1) stderr='The Job "longhorn-pre-upgrade" is invalid: spec.template.spec.restartPolicy: Required value: valid values: "OnFailure", "Never"'
[kyverno-webhook] dry-run failed (exit=1) stderr='The Job "longhorn-pre-upgrade" is invalid: spec.template.spec.restartPolicy: Required value: valid values: "OnFailure", "Never"'
[kyverno-webhook] dry-run failed (exit=1) stderr='The Job "longhorn-uninstall" is invalid: spec.template.spec.restartPolicy: Required value: valid values: "OnFailure", "Never"'
[kyverno-webhook] dry-run failed (exit=1) stderr='The Job "longhorn-uninstall" is invalid: spec.template.spec.restartPolicy: Required value: valid values: "OnFailure", "Never"'
[kyverno-webhook] dry-run failed (exit=1) stderr='The Job "longhorn-uninstall" is invalid: spec.template.spec.restartPolicy: Required value: valid values: "OnFailure", "Never"'
[kyverno-webhook] dry-run failed (exit=1) stderr='The Job "longhorn-uninstall" is invalid: spec.template.spec.restartPolicy: Required value: valid values: "OnFailure", "Never"'
[kyverno-webhook] kubectl dry-run stderr='Warning: spec.template.spec.containers[3].ports[0]: duplicate port name "monitoring" with spec.template.spec.containers[0].ports[0], services and probes that select ports by name will use spec.template.spec.containers[0].ports[0]'
[kyverno-webhook] kubectl dry-run stderr='Warning: spec.template.spec.containers[3].ports[0]: duplicate port name "monitoring" with spec.template.spec.containers[0].ports[0], services and probes that select ports by name will use spec.template.spec.containers[0].ports[0]'
[kyverno-webhook] kubectl dry-run stderr='Warning: spec.template.spec.containers[3].ports[0]: duplicate port name "monitoring" with spec.template.spec.containers[0].ports[0], services and probes that select ports by name will use spec.template.spec.containers[0].ports[0]'
[kyverno-webhook] kubectl dry-run stderr='Warning: spec.template.spec.containers[3].ports[0]: duplicate port name "monitoring" with spec.template.spec.containers[0].ports[0], services and probes that select ports by name will use spec.template.spec.containers[0].ports[0]'
[kyverno-webhook] kubectl dry-run stderr='Warning: spec.template.spec.containers[3].ports[0]: duplicate port name "monitoring" with spec.template.spec.containers[0].ports[0], services and probes that select ports by name will use spec.template.spec.containers[0].ports[0]'
[kyverno-webhook] kubectl dry-run stderr='Warning: spec.template.spec.containers[3].ports[0]: duplicate port name "monitoring" with spec.template.spec.containers[0].ports[0], services and probes that select ports by name will use spec.template.spec.containers[0].ports[0]'
[kyverno-webhook] kubectl dry-run stderr='Warning: spec.template.spec.containers[3].ports[0]: duplicate port name "monitoring" with spec.template.spec.containers[0].ports[0], services and probes that select ports by name will use spec.template.spec.containers[0].ports[0]'
[kyverno-webhook] kubectl dry-run stderr='Warning: spec.template.spec.containers[3].ports[0]: duplicate port name "monitoring" with spec.template.spec.containers[0].ports[0], services and probes that select ports by name will use spec.template.spec.containers[0].ports[0]'
[kyverno-webhook] kubectl dry-run stderr='Warning: spec.template.spec.containers[3].ports[0]: duplicate port name "monitoring" with spec.template.spec.containers[0].ports[0], services and probes that select ports by name will use spec.template.spec.containers[0].ports[0]'
[kyverno-webhook] kubectl dry-run stderr='Warning: spec.template.spec.containers[3].ports[0]: duplicate port name "monitoring" with spec.template.spec.containers[0].ports[0], services and probes that select ports by name will use spec.template.spec.containers[0].ports[0]'
[kyverno-webhook] kubectl dry-run stderr='Warning: spec.template.spec.containers[3].ports[0]: duplicate port name "monitoring" with spec.template.spec.containers[0].ports[0], services and probes that select ports by name will use spec.template.spec.containers[0].ports[0]'
[kyverno-webhook] kubectl dry-run stderr='Warning: spec.template.spec.containers[3].ports[0]: duplicate port name "monitoring" with spec.template.spec.containers[0].ports[0], services and probes that select ports by name will use spec.template.spec.containers[0].ports[0]'
[kyverno-webhook] kubectl dry-run stderr='Warning: spec.template.spec.containers[3].ports[0]: duplicate port name "monitoring" with spec.template.spec.containers[0].ports[0], services and probes that select ports by name will use spec.template.spec.containers[0].ports[0]'
[kyverno-webhook] kubectl dry-run stderr='Warning: spec.template.spec.containers[3].ports[0]: duplicate port name "monitoring" with spec.template.spec.containers[0].ports[0], services and probes that select ports by name will use spec.template.spec.containers[0].ports[0]'
[kyverno-webhook] kubectl dry-run stderr='Warning: spec.template.spec.containers[3].ports[0]: duplicate port name "monitoring" with spec.template.spec.containers[0].ports[0], services and probes that select ports by name will use spec.template.spec.containers[0].ports[0]'
[kyverno-webhook] kubectl dry-run stderr='Warning: spec.template.spec.containers[3].ports[0]: duplicate port name "monitoring" with spec.template.spec.containers[0].ports[0], services and probes that select ports by name will use spec.template.spec.containers[0].ports[0]'
[kyverno-webhook] kubectl dry-run stderr='Warning: spec.template.spec.containers[3].ports[0]: duplicate port name "monitoring" with spec.template.spec.containers[0].ports[0], services and probes that select ports by name will use spec.template.spec.containers[0].ports[0]'
[kyverno-webhook] kubectl dry-run stderr='Warning: spec.template.spec.containers[3].ports[0]: duplicate port name "monitoring" with spec.template.spec.containers[0].ports[0], services and probes that select ports by name will use spec.template.spec.containers[0].ports[0]'
[kyverno-webhook] kubectl dry-run stderr='Warning: spec.template.spec.containers[3].ports[0]: duplicate port name "monitoring" with spec.template.spec.containers[0].ports[0], services and probes that select ports by name will use spec.template.spec.containers[0].ports[0]'
[kyverno-webhook] kubectl dry-run stderr='Warning: spec.template.spec.containers[3].ports[0]: duplicate port name "monitoring" with spec.template.spec.containers[0].ports[0], services and probes that select ports by name will use spec.template.spec.containers[0].ports[0]'
[kyverno-webhook] kubectl dry-run stderr='Warning: spec.template.spec.containers[3].ports[0]: duplicate port name "monitoring" with spec.template.spec.containers[0].ports[0], services and probes that select ports by name will use spec.template.spec.containers[0].ports[0]'
[kyverno-webhook] kubectl dry-run stderr='Warning: spec.template.spec.containers[3].ports[0]: duplicate port name "monitoring" with spec.template.spec.containers[0].ports[0], services and probes that select ports by name will use spec.template.spec.containers[0].ports[0]'
[kyverno-webhook] kubectl dry-run stderr='Warning: spec.template.spec.containers[3].ports[0]: duplicate port name "monitoring" with spec.template.spec.containers[0].ports[0], services and probes that select ports by name will use spec.template.spec.containers[0].ports[0]'
[kyverno-webhook] kubectl dry-run stderr='Warning: spec.template.spec.containers[3].ports[0]: duplicate port name "monitoring" with spec.template.spec.containers[0].ports[0], services and probes that select ports by name will use spec.template.spec.containers[0].ports[0]'
[kyverno-webhook] kubectl dry-run stderr='Warning: spec.template.spec.containers[3].ports[0]: duplicate port name "monitoring" with spec.template.spec.containers[0].ports[0], services and probes that select ports by name will use spec.template.spec.containers[0].ports[0]'
[kyverno-webhook] kubectl dry-run stderr='Warning: spec.template.spec.containers[3].ports[0]: duplicate port name "monitoring" with spec.template.spec.containers[0].ports[0], services and probes that select ports by name will use spec.template.spec.containers[0].ports[0]'
[kyverno-webhook] kubectl dry-run stderr='Warning: spec.template.spec.containers[3].ports[0]: duplicate port name "monitoring" with spec.template.spec.containers[0].ports[0], services and probes that select ports by name will use spec.template.spec.containers[0].ports[0]'
[kyverno-webhook] kubectl dry-run stderr='Warning: spec.template.spec.containers[3].ports[0]: duplicate port name "monitoring" with spec.template.spec.containers[0].ports[0], services and probes that select ports by name will use spec.template.spec.containers[0].ports[0]'
[kyverno-webhook] dry-run failed (exit=1) stderr='The Deployment "release-name-nfs-subdir-external-provisioner" is invalid: \n* spec.template.spec.volumes[0].nfs.server: Required value\n* spec.template.spec.containers[0].volumeMounts[0].name: Not found: "nfs-subdir-external-provisioner-root"'
[kyverno-webhook] dry-run failed (exit=1) stderr='The Deployment "release-name-nfs-subdir-external-provisioner" is invalid: \n* spec.template.spec.volumes[0].nfs.server: Required value\n* spec.template.spec.containers[0].volumeMounts[0].name: Not found: "nfs-subdir-external-provisioner-root"'
[kyverno-webhook] dry-run failed (exit=1) stderr='The Deployment "release-name-nfs-subdir-external-provisioner" is invalid: \n* spec.template.spec.volumes[0].nfs.server: Required value\n* spec.template.spec.containers[0].volumeMounts[0].name: Not found: "nfs-subdir-external-provisioner-root"'
[kyverno-webhook] dry-run failed (exit=1) stderr='The Deployment "release-name-nfs-subdir-external-provisioner" is invalid: \n* spec.template.spec.volumes[0].nfs.server: Required value\n* spec.template.spec.containers[0].volumeMounts[0].name: Not found: "nfs-subdir-external-provisioner-root"'
[kyverno-webhook] dry-run failed (exit=1) stderr='Error from server (Forbidden): error when creating "/var/folders/5d/35n_63091x51cjnl2zsvb2s40000gn/T/kyverno_webhook_zhysivz1/00442.yaml": pods "release-name-grafana-test" is forbidden: error looking up service account default/release-name-grafana-test: serviceaccount "release-name-grafana-test" not found'
[kyverno-webhook] dry-run failed (exit=1) stderr='Error from server (Forbidden): error when creating "/var/folders/5d/35n_63091x51cjnl2zsvb2s40000gn/T/kyverno_webhook_zhysivz1/00443.yaml": pods "release-name-grafana-test" is forbidden: error looking up service account default/release-name-grafana-test: serviceaccount "release-name-grafana-test" not found'
[kyverno-webhook] dry-run failed (exit=1) stderr='Error from server (Forbidden): error when creating "/var/folders/5d/35n_63091x51cjnl2zsvb2s40000gn/T/kyverno_webhook_zhysivz1/00444.yaml": pods "release-name-grafana-test" is forbidden: error looking up service account default/release-name-grafana-test: serviceaccount "release-name-grafana-test" not found'
[kyverno-webhook] dry-run failed (exit=1) stderr='Error from server (Forbidden): error when creating "/var/folders/5d/35n_63091x51cjnl2zsvb2s40000gn/T/kyverno_webhook_zhysivz1/00445.yaml": pods "release-name-grafana-test" is forbidden: error looking up service account default/release-name-grafana-test: serviceaccount "release-name-grafana-test" not found'
[kyverno-webhook] dry-run failed (exit=1) stderr='The Job "release-name-kube-promethe-admission-create" is invalid: spec.template.spec.restartPolicy: Required value: valid values: "OnFailure", "Never"'
[kyverno-webhook] dry-run failed (exit=1) stderr='The Job "release-name-kube-promethe-admission-create" is invalid: spec.template.spec.restartPolicy: Required value: valid values: "OnFailure", "Never"'
[kyverno-webhook] dry-run failed (exit=1) stderr='The Job "release-name-kube-promethe-admission-patch" is invalid: spec.template.spec.restartPolicy: Required value: valid values: "OnFailure", "Never"'
[kyverno-webhook] dry-run failed (exit=1) stderr='The Job "release-name-kube-promethe-admission-patch" is invalid: spec.template.spec.restartPolicy: Required value: valid values: "OnFailure", "Never"'
[kyverno-webhook] dry-run failed (exit=1) stderr='The StatefulSet "release-name-alertmanager" is invalid: spec.template.spec.containers[0].volumeMounts[1].name: Not found: "storage"'
[kyverno-webhook] dry-run failed (exit=1) stderr='The StatefulSet "release-name-alertmanager" is invalid: spec.template.spec.containers[0].volumeMounts[1].name: Not found: "storage"'
[kyverno-webhook] dry-run failed (exit=1) stderr='The StatefulSet "release-name-alertmanager" is invalid: spec.template.spec.containers[0].volumeMounts[1].name: Not found: "storage"'
[kyverno-webhook] dry-run failed (exit=1) stderr='The Job "release-name-velero-upgrade-crds" is invalid: spec.template.spec.restartPolicy: Required value: valid values: "OnFailure", "Never"'
[kyverno-webhook] dry-run failed (exit=1) stderr='The Job "release-name-velero-upgrade-crds" is invalid: spec.template.spec.restartPolicy: Required value: valid values: "OnFailure", "Never"'
[kyverno-webhook] dry-run failed (exit=1) stderr='The Job "release-name-velero-upgrade-crds" is invalid: spec.template.spec.restartPolicy: Required value: valid values: "OnFailure", "Never"'
[kyverno-webhook] dry-run failed (exit=1) stderr='The Job "release-name-velero-upgrade-crds" is invalid: spec.template.spec.restartPolicy: Required value: valid values: "OnFailure", "Never"'
[kyverno-webhook] dry-run failed (exit=1) stderr='The Job "release-name-velero-upgrade-crds" is invalid: spec.template.spec.restartPolicy: Required value: valid values: "OnFailure", "Never"'
[kyverno-webhook] dry-run failed (exit=1) stderr='The Job "release-name-velero-upgrade-crds" is invalid: spec.template.spec.restartPolicy: Required value: valid values: "OnFailure", "Never"'
[kyverno-webhook] dry-run failed (exit=1) stderr='The Job "release-name-velero-upgrade-crds" is invalid: spec.template.spec.restartPolicy: Required value: valid values: "OnFailure", "Never"'
[kyverno-webhook] dry-run failed (exit=1) stderr='The Job "release-name-velero-upgrade-crds" is invalid: spec.template.spec.restartPolicy: Required value: valid values: "OnFailure", "Never"'
[kyverno-webhook] dry-run failed (exit=1) stderr='Error from server (NotFound): error when creating "/var/folders/5d/35n_63091x51cjnl2zsvb2s40000gn/T/kyverno_webhook_zhysivz1/00491.yaml": namespaces "prod" not found'
[kyverno-webhook] dry-run failed (exit=1) stderr='Error from server (NotFound): error when creating "/var/folders/5d/35n_63091x51cjnl2zsvb2s40000gn/T/kyverno_webhook_zhysivz1/00492.yaml": namespaces "prod" not found'
[kyverno-webhook] dry-run failed (exit=1) stderr='Error from server (NotFound): error when creating "/var/folders/5d/35n_63091x51cjnl2zsvb2s40000gn/T/kyverno_webhook_zhysivz1/00493.yaml": namespaces "prod" not found'
[kyverno-webhook] dry-run failed (exit=1) stderr='Error from server (NotFound): error when creating "/var/folders/5d/35n_63091x51cjnl2zsvb2s40000gn/T/kyverno_webhook_zhysivz1/00494.yaml": namespaces "prod" not found'
[kyverno-webhook] dry-run failed (exit=1) stderr='Error from server (NotFound): error when creating "/var/folders/5d/35n_63091x51cjnl2zsvb2s40000gn/T/kyverno_webhook_zhysivz1/00495.yaml": namespaces "prod" not found'
[kyverno-webhook] dry-run failed (exit=1) stderr='Error from server (NotFound): error when creating "/var/folders/5d/35n_63091x51cjnl2zsvb2s40000gn/T/kyverno_webhook_zhysivz1/00496.yaml": namespaces "boskos" not found'
[kyverno-webhook] dry-run failed (exit=1) stderr='Error from server (NotFound): error when creating "/var/folders/5d/35n_63091x51cjnl2zsvb2s40000gn/T/kyverno_webhook_zhysivz1/00497.yaml": namespaces "boskos" not found'
[kyverno-webhook] dry-run failed (exit=1) stderr='Error from server (NotFound): error when creating "/var/folders/5d/35n_63091x51cjnl2zsvb2s40000gn/T/kyverno_webhook_zhysivz1/00498.yaml": namespaces "boskos" not found'
[kyverno-webhook] dry-run failed (exit=1) stderr='Error from server (NotFound): error when creating "/var/folders/5d/35n_63091x51cjnl2zsvb2s40000gn/T/kyverno_webhook_zhysivz1/00499.yaml": namespaces "boskos" not found'
[kyverno-webhook] staged manifests preserved at /var/folders/5d/35n_63091x51cjnl2zsvb2s40000gn/T/kyverno_webhook_zhysivz1
[kyverno-webhook] summary written to tmp/kyverno_baseline_webhook.csv; staged at /var/folders/5d/35n_63091x51cjnl2zsvb2s40000gn/T/kyverno_webhook_zhysivz1
