================================================================================
Live-Cluster Evaluation Progress Monitor
================================================================================
Process ID: 26030
Total manifests: 1000
Polling interval: 60s
Namespace prefix: live-eval-1k
================================================================================


[14:45:17] Iteration 1 | Elapsed: 14s
--------------------------------------------------------------------------------

Progress: [░░░░░░░░░░░░░░░░░░░░░░░░░░░░░░░░░░░░░░░░] 0.0%
Estimated: 0/1000 manifests
Rate: Calculating...
ETA: Calculating...

Namespace status:
  Active: 0
  Terminating: 0
  Total tracked: 0
[F[F[F[F[F[F[F[F[F[F

[14:46:18] Iteration 2 | Elapsed: 1m 15s
--------------------------------------------------------------------------------

Progress: [░░░░░░░░░░░░░░░░░░░░░░░░░░░░░░░░░░░░░░░░] 0.3%
Estimated: 3/1000 manifests
Rate: 2.98 manifests/min
ETA: 5h 35m 01s (completion ~20:21:19)

Namespace status:
  Active: 1
  Terminating: 2
  Total tracked: 3
[F[F[F[F[F[F[F[F[F[F

[14:47:18] Iteration 3 | Elapsed: 2m 16s
--------------------------------------------------------------------------------

Progress: [░░░░░░░░░░░░░░░░░░░░░░░░░░░░░░░░░░░░░░░░] 0.3%
Estimated: 3/1000 manifests
Rate: 1.49 manifests/min
ETA: 11h 09m 51s (completion ~01:57:09)

Namespace status:
  Active: 1
  Terminating: 1
  Total tracked: 2
[F[F[F[F[F[F[F[F[F[F

[14:48:19] Iteration 4 | Elapsed: 3m 16s
--------------------------------------------------------------------------------

Progress: [░░░░░░░░░░░░░░░░░░░░░░░░░░░░░░░░░░░░░░░░] 0.3%
Estimated: 3/1000 manifests
Rate: 0.99 manifests/min
ETA: 16h 48m 19s (completion ~07:36:38)

Namespace status:
  Active: 0
  Terminating: 2
  Total tracked: 2
[F[F[F[F[F[F[F[F[F[F

[14:49:20] Iteration 5 | Elapsed: 4m 17s
--------------------------------------------------------------------------------

Progress: [░░░░░░░░░░░░░░░░░░░░░░░░░░░░░░░░░░░░░░░░] 0.3%
Estimated: 3/1000 manifests
Rate: 0.74 manifests/min
ETA: 22h 23m 30s (completion ~13:12:50)

Namespace status:
  Active: 1
  Terminating: 1
  Total tracked: 2
[F[F[F[F[F[F[F[F[F[F

[14:50:20] Iteration 6 | Elapsed: 5m 18s
--------------------------------------------------------------------------------

Progress: [░░░░░░░░░░░░░░░░░░░░░░░░░░░░░░░░░░░░░░░░] 0.3%
Estimated: 3/1000 manifests
Rate: Calculating...
ETA: Calculating...

Namespace status:
  Active: 1
  Terminating: 2
  Total tracked: 3
[F[F[F[F[F[F[F[F[F[F

[14:51:21] Iteration 7 | Elapsed: 6m 18s
--------------------------------------------------------------------------------

Progress: [░░░░░░░░░░░░░░░░░░░░░░░░░░░░░░░░░░░░░░░░] 0.3%
Estimated: 3/1000 manifests
Rate: Calculating...
ETA: Calculating...

Namespace status:
  Active: 1
  Terminating: 2
  Total tracked: 3
[F[F[F[F[F[F[F[F[F[F

[14:52:21] Iteration 8 | Elapsed: 7m 19s
--------------------------------------------------------------------------------

Progress: [░░░░░░░░░░░░░░░░░░░░░░░░░░░░░░░░░░░░░░░░] 0.3%
Estimated: 3/1000 manifests
Rate: Calculating...
ETA: Calculating...

Namespace status:
  Active: 1
  Terminating: 2
  Total tracked: 3
[F[F[F[F[F[F[F[F[F[F

[14:53:22] Iteration 9 | Elapsed: 8m 19s
--------------------------------------------------------------------------------

Progress: [░░░░░░░░░░░░░░░░░░░░░░░░░░░░░░░░░░░░░░░░] 0.3%
Estimated: 3/1000 manifests
Rate: Calculating...
ETA: Calculating...

Namespace status:
  Active: 0
  Terminating: 3
  Total tracked: 3
[F[F[F[F[F[F[F[F[F[F

[14:54:22] Iteration 10 | Elapsed: 9m 20s
--------------------------------------------------------------------------------

Progress: [░░░░░░░░░░░░░░░░░░░░░░░░░░░░░░░░░░░░░░░░] 0.3%
Estimated: 3/1000 manifests
Rate: Calculating...
ETA: Calculating...

Namespace status:
  Active: 0
  Terminating: 0
  Total tracked: 0
[F[F[F[F[F[F[F[F[F[F

[14:55:23] Iteration 11 | Elapsed: 10m 20s
--------------------------------------------------------------------------------

Progress: [░░░░░░░░░░░░░░░░░░░░░░░░░░░░░░░░░░░░░░░░] 0.3%
Estimated: 3/1000 manifests
Rate: Calculating...
ETA: Calculating...

Namespace status:
  Active: 1
  Terminating: 2
  Total tracked: 3
[F[F[F[F[F[F[F[F[F[F

[14:56:24] Iteration 12 | Elapsed: 11m 21s
--------------------------------------------------------------------------------

Progress: [░░░░░░░░░░░░░░░░░░░░░░░░░░░░░░░░░░░░░░░░] 0.3%
Estimated: 3/1000 manifests
Rate: Calculating...
ETA: Calculating...

Namespace status:
  Active: 1
  Terminating: 2
  Total tracked: 3
[F[F[F[F[F[F[F[F[F[F

[14:57:24] Iteration 13 | Elapsed: 12m 22s
--------------------------------------------------------------------------------

Progress: [░░░░░░░░░░░░░░░░░░░░░░░░░░░░░░░░░░░░░░░░] 0.3%
Estimated: 3/1000 manifests
Rate: Calculating...
ETA: Calculating...

Namespace status:
  Active: 1
  Terminating: 2
  Total tracked: 3
[F[F[F[F[F[F[F[F[F[F

[14:58:25] Iteration 14 | Elapsed: 13m 22s
--------------------------------------------------------------------------------

Progress: [░░░░░░░░░░░░░░░░░░░░░░░░░░░░░░░░░░░░░░░░] 0.3%
Estimated: 3/1000 manifests
Rate: Calculating...
ETA: Calculating...

Namespace status:
  Active: 1
  Terminating: 1
  Total tracked: 2
[F[F[F[F[F[F[F[F[F[F

[14:59:25] Iteration 15 | Elapsed: 14m 23s
--------------------------------------------------------------------------------

Progress: [░░░░░░░░░░░░░░░░░░░░░░░░░░░░░░░░░░░░░░░░] 0.3%
Estimated: 3/1000 manifests
Rate: Calculating...
ETA: Calculating...

Namespace status:
  Active: 1
  Terminating: 1
  Total tracked: 2
[F[F[F[F[F[F[F[F[F[F

[15:00:26] Iteration 16 | Elapsed: 15m 23s
--------------------------------------------------------------------------------

Progress: [░░░░░░░░░░░░░░░░░░░░░░░░░░░░░░░░░░░░░░░░] 0.4%
Estimated: 4/1000 manifests
Rate: 0.25 manifests/min
ETA: 66h 59m 26s (completion ~09:59:52)

Namespace status:
  Active: 1
  Terminating: 3
  Total tracked: 4
[F[F[F[F[F[F[F[F[F[F

[15:01:26] Iteration 17 | Elapsed: 16m 24s
--------------------------------------------------------------------------------

Progress: [░░░░░░░░░░░░░░░░░░░░░░░░░░░░░░░░░░░░░░░░] 0.4%
Estimated: 4/1000 manifests
Rate: 0.25 manifests/min
ETA: 66h 59m 49s (completion ~10:01:15)

Namespace status:
  Active: 0
  Terminating: 3
  Total tracked: 3
[F[F[F[F[F[F[F[F[F[F

[15:02:27] Iteration 18 | Elapsed: 17m 24s
--------------------------------------------------------------------------------

Progress: [░░░░░░░░░░░░░░░░░░░░░░░░░░░░░░░░░░░░░░░░] 0.5%
Estimated: 5/1000 manifests
Rate: 0.50 manifests/min
ETA: 33h 28m 24s (completion ~00:30:51)
