Verified 40 patch(es) to /Users/brianmendonca/Downloads/untitled folder/k8s-auto-fix/data/batch_runs/grok_5k/verified_grok5k_batch_106.json
Generated 40 patch(es) to /Users/brianmendonca/Downloads/untitled folder/k8s-auto-fix/data/batch_runs/grok_5k/patches_grok5k_batch_107.json
Verified 40 patch(es) to /Users/brianmendonca/Downloads/untitled folder/k8s-auto-fix/data/batch_runs/grok_5k/verified_grok5k_batch_107.json
Generated 40 patch(es) to /Users/brianmendonca/Downloads/untitled folder/k8s-auto-fix/data/batch_runs/grok_5k/patches_grok5k_batch_108.json
Verified 40 patch(es) to /Users/brianmendonca/Downloads/untitled folder/k8s-auto-fix/data/batch_runs/grok_5k/verified_grok5k_batch_108.json
Generated 40 patch(es) to /Users/brianmendonca/Downloads/untitled folder/k8s-auto-fix/data/batch_runs/grok_5k/patches_grok5k_batch_109.json
Verified 40 patch(es) to /Users/brianmendonca/Downloads/untitled folder/k8s-auto-fix/data/batch_runs/grok_5k/verified_grok5k_batch_109.json
Generated 40 patch(es) to /Users/brianmendonca/Downloads/untitled folder/k8s-auto-fix/data/batch_runs/grok_5k/patches_grok5k_batch_110.json
Verified 40 patch(es) to /Users/brianmendonca/Downloads/untitled folder/k8s-auto-fix/data/batch_runs/grok_5k/verified_grok5k_batch_110.json
Generated 40 patch(es) to /Users/brianmendonca/Downloads/untitled folder/k8s-auto-fix/data/batch_runs/grok_5k/patches_grok5k_batch_111.json
Verified 40 patch(es) to /Users/brianmendonca/Downloads/untitled folder/k8s-auto-fix/data/batch_runs/grok_5k/verified_grok5k_batch_111.json
Generated 40 patch(es) to /Users/brianmendonca/Downloads/untitled folder/k8s-auto-fix/data/batch_runs/grok_5k/patches_grok5k_batch_112.json
Verified 40 patch(es) to /Users/brianmendonca/Downloads/untitled folder/k8s-auto-fix/data/batch_runs/grok_5k/verified_grok5k_batch_112.json
Generated 40 patch(es) to /Users/brianmendonca/Downloads/untitled folder/k8s-auto-fix/data/batch_runs/grok_5k/patches_grok5k_batch_113.json
Verified 40 patch(es) to /Users/brianmendonca/Downloads/untitled folder/k8s-auto-fix/data/batch_runs/grok_5k/verified_grok5k_batch_113.json
Generated 40 patch(es) to /Users/brianmendonca/Downloads/untitled folder/k8s-auto-fix/data/batch_runs/grok_5k/patches_grok5k_batch_114.json
Verified 40 patch(es) to /Users/brianmendonca/Downloads/untitled folder/k8s-auto-fix/data/batch_runs/grok_5k/verified_grok5k_batch_114.json
Generated 40 patch(es) to /Users/brianmendonca/Downloads/untitled folder/k8s-auto-fix/data/batch_runs/grok_5k/patches_grok5k_batch_115.json
Verified 40 patch(es) to /Users/brianmendonca/Downloads/untitled folder/k8s-auto-fix/data/batch_runs/grok_5k/verified_grok5k_batch_115.json
Generated 40 patch(es) to /Users/brianmendonca/Downloads/untitled folder/k8s-auto-fix/data/batch_runs/grok_5k/patches_grok5k_batch_116.json
Verified 40 patch(es) to /Users/brianmendonca/Downloads/untitled folder/k8s-auto-fix/data/batch_runs/grok_5k/verified_grok5k_batch_116.json
Generated 40 patch(es) to /Users/brianmendonca/Downloads/untitled folder/k8s-auto-fix/data/batch_runs/grok_5k/patches_grok5k_batch_117.json
Verified 40 patch(es) to /Users/brianmendonca/Downloads/untitled folder/k8s-auto-fix/data/batch_runs/grok_5k/verified_grok5k_batch_117.json
Generated 40 patch(es) to /Users/brianmendonca/Downloads/untitled folder/k8s-auto-fix/data/batch_runs/grok_5k/patches_grok5k_batch_118.json
Verified 40 patch(es) to /Users/brianmendonca/Downloads/untitled folder/k8s-auto-fix/data/batch_runs/grok_5k/verified_grok5k_batch_118.json
Generated 40 patch(es) to /Users/brianmendonca/Downloads/untitled folder/k8s-auto-fix/data/batch_runs/grok_5k/patches_grok5k_batch_119.json
Verified 40 patch(es) to /Users/brianmendonca/Downloads/untitled folder/k8s-auto-fix/data/batch_runs/grok_5k/verified_grok5k_batch_119.json
Generated 40 patch(es) to /Users/brianmendonca/Downloads/untitled folder/k8s-auto-fix/data/batch_runs/grok_5k/patches_grok5k_batch_120.json
Verified 40 patch(es) to /Users/brianmendonca/Downloads/untitled folder/k8s-auto-fix/data/batch_runs/grok_5k/verified_grok5k_batch_120.json
Generated 40 patch(es) to /Users/brianmendonca/Downloads/untitled folder/k8s-auto-fix/data/batch_runs/grok_5k/patches_grok5k_batch_121.json
Verified 40 patch(es) to /Users/brianmendonca/Downloads/untitled folder/k8s-auto-fix/data/batch_runs/grok_5k/verified_grok5k_batch_121.json
Generated 40 patch(es) to /Users/brianmendonca/Downloads/untitled folder/k8s-auto-fix/data/batch_runs/grok_5k/patches_grok5k_batch_122.json
Verified 40 patch(es) to /Users/brianmendonca/Downloads/untitled folder/k8s-auto-fix/data/batch_runs/grok_5k/verified_grok5k_batch_122.json
Generated 40 patch(es) to /Users/brianmendonca/Downloads/untitled folder/k8s-auto-fix/data/batch_runs/grok_5k/patches_grok5k_batch_123.json
Verified 40 patch(es) to /Users/brianmendonca/Downloads/untitled folder/k8s-auto-fix/data/batch_runs/grok_5k/verified_grok5k_batch_123.json
Generated 40 patch(es) to /Users/brianmendonca/Downloads/untitled folder/k8s-auto-fix/data/batch_runs/grok_5k/patches_grok5k_batch_124.json
Verified 40 patch(es) to /Users/brianmendonca/Downloads/untitled folder/k8s-auto-fix/data/batch_runs/grok_5k/verified_grok5k_batch_124.json
[skip] proposer batch 096 -> data/batch_runs/grok_5k/patches_grok5k_batch_096.json
[skip] verifier batch 096 -> data/batch_runs/grok_5k/verified_grok5k_batch_096.json
[skip] proposer batch 097 -> data/batch_runs/grok_5k/patches_grok5k_batch_097.json
[skip] verifier batch 097 -> data/batch_runs/grok_5k/verified_grok5k_batch_097.json
[skip] proposer batch 098 -> data/batch_runs/grok_5k/patches_grok5k_batch_098.json
[skip] verifier batch 098 -> data/batch_runs/grok_5k/verified_grok5k_batch_098.json
[skip] proposer batch 099 -> data/batch_runs/grok_5k/patches_grok5k_batch_099.json
[skip] verifier batch 099 -> data/batch_runs/grok_5k/verified_grok5k_batch_099.json
[skip] proposer batch 100 -> data/batch_runs/grok_5k/patches_grok5k_batch_100.json
[skip] verifier batch 100 -> data/batch_runs/grok_5k/verified_grok5k_batch_100.json
[skip] proposer batch 101 -> data/batch_runs/grok_5k/patches_grok5k_batch_101.json
[skip] verifier batch 101 -> data/batch_runs/grok_5k/verified_grok5k_batch_101.json
[skip] proposer batch 102 -> data/batch_runs/grok_5k/patches_grok5k_batch_102.json
[skip] verifier batch 102 -> data/batch_runs/grok_5k/verified_grok5k_batch_102.json
[skip] proposer batch 103 -> data/batch_runs/grok_5k/patches_grok5k_batch_103.json
[skip] verifier batch 103 -> data/batch_runs/grok_5k/verified_grok5k_batch_103.json
[skip] proposer batch 104 -> data/batch_runs/grok_5k/patches_grok5k_batch_104.json
[skip] verifier batch 104 -> data/batch_runs/grok_5k/verified_grok5k_batch_104.json
[skip] proposer batch 105 -> data/batch_runs/grok_5k/patches_grok5k_batch_105.json
[skip] verifier batch 105 -> data/batch_runs/grok_5k/verified_grok5k_batch_105.json
[skip] proposer batch 106 -> data/batch_runs/grok_5k/patches_grok5k_batch_106.json
[verify] (11/29) batch 106
[propose] (12/29) batch 107
[verify] (12/29) batch 107
[propose] (13/29) batch 108
[verify] (13/29) batch 108
[propose] (14/29) batch 109
[verify] (14/29) batch 109
[propose] (15/29) batch 110
[verify] (15/29) batch 110
[propose] (16/29) batch 111
[verify] (16/29) batch 111
[propose] (17/29) batch 112
[verify] (17/29) batch 112
[propose] (18/29) batch 113
[verify] (18/29) batch 113
[propose] (19/29) batch 114
[verify] (19/29) batch 114
[propose] (20/29) batch 115
[verify] (20/29) batch 115
[propose] (21/29) batch 116
[verify] (21/29) batch 116
[propose] (22/29) batch 117
[verify] (22/29) batch 117
[propose] (23/29) batch 118
[verify] (23/29) batch 118
[propose] (24/29) batch 119
[verify] (24/29) batch 119
[propose] (25/29) batch 120
[verify] (25/29) batch 120
[propose] (26/29) batch 121
[verify] (26/29) batch 121
[propose] (27/29) batch 122
[verify] (27/29) batch 122
[propose] (28/29) batch 123
[verify] (28/29) batch 123
[propose] (29/29) batch 124
[verify] (29/29) batch 124
