This is pdfTeX, Version 3.141592653-2.6-1.40.25 (TeX Live 2023/Debian) (preloaded format=pdflatex 2025.12.9)  9 DEC 2025 18:46
entering extended mode
 restricted \write18 enabled.
 %&-line parsing enabled.
**access.tex
(./access.tex
LaTeX2e <2023-11-01> patch level 1
L3 programming layer <2024-01-22>
(./IEEEtran.cls
Document Class: IEEEtran 2015/08/26 V1.8b by Michael Shell
-- See the "IEEEtran_HOWTO" manual for usage information.
-- http://www.michaelshell.org/tex/ieeetran/
\@IEEEtrantmpdimenA=\dimen140
\@IEEEtrantmpdimenB=\dimen141
\@IEEEtrantmpdimenC=\dimen142
\@IEEEtrantmpcountA=\count187
\@IEEEtrantmpcountB=\count188
\@IEEEtrantmpcountC=\count189
\@IEEEtrantmptoksA=\toks17
LaTeX Font Info:    Trying to load font information for OT1+ppl on input line 5
03.
(/usr/share/texlive/texmf-dist/tex/latex/psnfss/ot1ppl.fd
File: ot1ppl.fd 2001/06/04 font definitions for OT1/ppl.
)
-- Using IEEE Computer Society mode.
-- Using 8.5in x 11in (letter) paper.
-- Using PDF output.
\@IEEEnormalsizeunitybaselineskip=\dimen143
-- This is a 10 point document.
\CLASSINFOnormalsizebaselineskip=\dimen144
\CLASSINFOnormalsizeunitybaselineskip=\dimen145
\IEEEnormaljot=\dimen146
LaTeX Font Info:    Font shape `OT1/ppl/bx/n' in size <5.01874> not available
(Font)              Font shape `OT1/ppl/b/n' tried instead on input line 1090.
LaTeX Font Info:    Font shape `OT1/ppl/bx/it' in size <5.01874> not available
(Font)              Font shape `OT1/ppl/b/it' tried instead on input line 1090.

LaTeX Font Info:    Font shape `OT1/ppl/bx/n' in size <7.02625> not available
(Font)              Font shape `OT1/ppl/b/n' tried instead on input line 1090.
LaTeX Font Info:    Font shape `OT1/ppl/bx/it' in size <7.02625> not available
(Font)              Font shape `OT1/ppl/b/it' tried instead on input line 1090.

LaTeX Font Info:    Font shape `OT1/ppl/bx/n' in size <8.03> not available
(Font)              Font shape `OT1/ppl/b/n' tried instead on input line 1090.
LaTeX Font Info:    Font shape `OT1/ppl/bx/it' in size <8.03> not available
(Font)              Font shape `OT1/ppl/b/it' tried instead on input line 1090.

LaTeX Font Info:    Font shape `OT1/ppl/bx/n' in size <9.03374> not available
(Font)              Font shape `OT1/ppl/b/n' tried instead on input line 1090.
LaTeX Font Info:    Font shape `OT1/ppl/bx/it' in size <9.03374> not available
(Font)              Font shape `OT1/ppl/b/it' tried instead on input line 1090.

LaTeX Font Info:    Font shape `OT1/ppl/bx/n' in size <9.53561> not available
(Font)              Font shape `OT1/ppl/b/n' tried instead on input line 1090.
LaTeX Font Info:    Font shape `OT1/ppl/bx/it' in size <9.53561> not available
(Font)              Font shape `OT1/ppl/b/it' tried instead on input line 1090.

LaTeX Font Info:    Font shape `OT1/ppl/bx/n' in size <11.04124> not available
(Font)              Font shape `OT1/ppl/b/n' tried instead on input line 1090.
LaTeX Font Info:    Font shape `OT1/ppl/bx/it' in size <11.04124> not available

(Font)              Font shape `OT1/ppl/b/it' tried instead on input line 1090.

LaTeX Font Info:    Font shape `OT1/ppl/bx/n' in size <12.045> not available
(Font)              Font shape `OT1/ppl/b/n' tried instead on input line 1090.
LaTeX Font Info:    Font shape `OT1/ppl/bx/it' in size <12.045> not available
(Font)              Font shape `OT1/ppl/b/it' tried instead on input line 1090.

LaTeX Font Info:    Font shape `OT1/ppl/bx/n' in size <17.06374> not available
(Font)              Font shape `OT1/ppl/b/n' tried instead on input line 1090.
LaTeX Font Info:    Font shape `OT1/ppl/bx/it' in size <17.06374> not available

(Font)              Font shape `OT1/ppl/b/it' tried instead on input line 1090.

LaTeX Font Info:    Font shape `OT1/ppl/bx/n' in size <20.075> not available
(Font)              Font shape `OT1/ppl/b/n' tried instead on input line 1090.
LaTeX Font Info:    Font shape `OT1/ppl/bx/it' in size <20.075> not available
(Font)              Font shape `OT1/ppl/b/it' tried instead on input line 1090.

LaTeX Font Info:    Font shape `OT1/ppl/bx/n' in size <24.09> not available
(Font)              Font shape `OT1/ppl/b/n' tried instead on input line 1090.
LaTeX Font Info:    Font shape `OT1/ppl/bx/it' in size <24.09> not available
(Font)              Font shape `OT1/ppl/b/it' tried instead on input line 1090.

\IEEEquantizedlength=\dimen147
\IEEEquantizedlengthdiff=\dimen148
\IEEEquantizedtextheightdiff=\dimen149
\IEEEilabelindentA=\dimen150
\IEEEilabelindentB=\dimen151
\IEEEilabelindent=\dimen152
\IEEEelabelindent=\dimen153
\IEEEdlabelindent=\dimen154
\IEEElabelindent=\dimen155
\IEEEiednormlabelsep=\dimen156
\IEEEiedmathlabelsep=\dimen157
\IEEEiedtopsep=\skip48
\c@section=\count190
\c@subsection=\count191
\c@subsubsection=\count192
\c@paragraph=\count193
\c@IEEEsubequation=\count194
\abovecaptionskip=\skip49
\belowcaptionskip=\skip50
\c@figure=\count195
\c@table=\count196
\@IEEEeqnnumcols=\count197
\@IEEEeqncolcnt=\count198
\@IEEEsubeqnnumrollback=\count199
\@IEEEquantizeheightA=\dimen158
\@IEEEquantizeheightB=\dimen159
\@IEEEquantizeheightC=\dimen160
\@IEEEquantizeprevdepth=\dimen161
\@IEEEquantizemultiple=\count266
\@IEEEquantizeboxA=\box51
\@IEEEtmpitemindent=\dimen162
\IEEEPARstartletwidth=\dimen163
\c@IEEEbiography=\count267
\@IEEEtranrubishbin=\box52
) (/usr/share/texlive/texmf-dist/tex/latex/cite/cite.sty
LaTeX Info: Redefining \cite on input line 302.
LaTeX Info: Redefining \nocite on input line 332.
Package: cite 2015/02/27  v 5.5
)
(/usr/share/texlive/texmf-dist/tex/latex/amsmath/amsmath.sty
Package: amsmath 2023/05/13 v2.17o AMS math features
\@mathmargin=\skip51

For additional information on amsmath, use the `?' option.
(/usr/share/texlive/texmf-dist/tex/latex/amsmath/amstext.sty
Package: amstext 2021/08/26 v2.01 AMS text

(/usr/share/texlive/texmf-dist/tex/latex/amsmath/amsgen.sty
File: amsgen.sty 1999/11/30 v2.0 generic functions
\@emptytoks=\toks18
\ex@=\dimen164
))
(/usr/share/texlive/texmf-dist/tex/latex/amsmath/amsbsy.sty
Package: amsbsy 1999/11/29 v1.2d Bold Symbols
\pmbraise@=\dimen165
)
(/usr/share/texlive/texmf-dist/tex/latex/amsmath/amsopn.sty
Package: amsopn 2022/04/08 v2.04 operator names
)
\inf@bad=\count268
LaTeX Info: Redefining \frac on input line 234.
\uproot@=\count269
\leftroot@=\count270
LaTeX Info: Redefining \overline on input line 399.
LaTeX Info: Redefining \colon on input line 410.
\classnum@=\count271
\DOTSCASE@=\count272
LaTeX Info: Redefining \ldots on input line 496.
LaTeX Info: Redefining \dots on input line 499.
LaTeX Info: Redefining \cdots on input line 620.
\Mathstrutbox@=\box53
\strutbox@=\box54
LaTeX Info: Redefining \big on input line 722.
LaTeX Info: Redefining \Big on input line 723.
LaTeX Info: Redefining \bigg on input line 724.
LaTeX Info: Redefining \Bigg on input line 725.
\big@size=\dimen166
LaTeX Font Info:    Redeclaring font encoding OML on input line 743.
LaTeX Font Info:    Redeclaring font encoding OMS on input line 744.
\macc@depth=\count273
LaTeX Info: Redefining \bmod on input line 905.
LaTeX Info: Redefining \pmod on input line 910.
LaTeX Info: Redefining \smash on input line 940.
LaTeX Info: Redefining \relbar on input line 970.
LaTeX Info: Redefining \Relbar on input line 971.
\c@MaxMatrixCols=\count274
\dotsspace@=\muskip16
\c@parentequation=\count275
\dspbrk@lvl=\count276
\tag@help=\toks19
\row@=\count277
\column@=\count278
\maxfields@=\count279
\andhelp@=\toks20
\eqnshift@=\dimen167
\alignsep@=\dimen168
\tagshift@=\dimen169
\tagwidth@=\dimen170
\totwidth@=\dimen171
\lineht@=\dimen172
\@envbody=\toks21
\multlinegap=\skip52
\multlinetaggap=\skip53
\mathdisplay@stack=\toks22
LaTeX Info: Redefining \[ on input line 2953.
LaTeX Info: Redefining \] on input line 2954.
)
(/usr/share/texlive/texmf-dist/tex/latex/amsfonts/amssymb.sty
Package: amssymb 2013/01/14 v3.01 AMS font symbols

(/usr/share/texlive/texmf-dist/tex/latex/amsfonts/amsfonts.sty
Package: amsfonts 2013/01/14 v3.01 Basic AMSFonts support
\symAMSa=\mathgroup4
\symAMSb=\mathgroup5
LaTeX Font Info:    Redeclaring math symbol \hbar on input line 98.
LaTeX Font Info:    Overwriting math alphabet `\mathfrak' in version `bold'
(Font)                  U/euf/m/n --> U/euf/b/n on input line 106.
))
(/usr/share/texlive/texmf-dist/tex/latex/algorithms/algorithmic.sty
Package: algorithmic 2009/08/24 v0.1 Document Style `algorithmic'

(/usr/share/texlive/texmf-dist/tex/latex/base/ifthen.sty
Package: ifthen 2022/04/13 v1.1d Standard LaTeX ifthen package (DPC)
)
(/usr/share/texlive/texmf-dist/tex/latex/graphics/keyval.sty
Package: keyval 2022/05/29 v1.15 key=value parser (DPC)
\KV@toks@=\toks23
)
\c@ALC@unique=\count280
\c@ALC@line=\count281
\c@ALC@rem=\count282
\c@ALC@depth=\count283
\ALC@tlm=\skip54
\algorithmicindent=\skip55
)
(/usr/share/texlive/texmf-dist/tex/latex/graphics/graphicx.sty
Package: graphicx 2021/09/16 v1.2d Enhanced LaTeX Graphics (DPC,SPQR)

(/usr/share/texlive/texmf-dist/tex/latex/graphics/graphics.sty
Package: graphics 2022/03/10 v1.4e Standard LaTeX Graphics (DPC,SPQR)

(/usr/share/texlive/texmf-dist/tex/latex/graphics/trig.sty
Package: trig 2021/08/11 v1.11 sin cos tan (DPC)
)
(/usr/share/texlive/texmf-dist/tex/latex/graphics-cfg/graphics.cfg
File: graphics.cfg 2016/06/04 v1.11 sample graphics configuration
)
Package graphics Info: Driver file: pdftex.def on input line 107.

(/usr/share/texlive/texmf-dist/tex/latex/graphics-def/pdftex.def
File: pdftex.def 2022/09/22 v1.2b Graphics/color driver for pdftex
))
\Gin@req@height=\dimen173
\Gin@req@width=\dimen174
)
(/usr/share/texlive/texmf-dist/tex/generic/babel/babel.sty
Package: babel 2024/01/07 v24.1 The Babel package
\babel@savecnt=\count284
\U@D=\dimen175
\l@unhyphenated=\language9

(/usr/share/texlive/texmf-dist/tex/generic/babel/txtbabel.def)
\bbl@readstream=\read2
\bbl@dirlevel=\count285

(/usr/share/texlive/texmf-dist/tex/generic/babel-english/english.ldf
Language: english 2017/06/06 v3.3r English support from the babel system
Package babel Info: Hyphen rules for 'british' set to \l@english
(babel)             (\language0). Reported on input line 82.
Package babel Info: Hyphen rules for 'UKenglish' set to \l@english
(babel)             (\language0). Reported on input line 83.
Package babel Info: Hyphen rules for 'canadian' set to \l@english
(babel)             (\language0). Reported on input line 102.
Package babel Info: Hyphen rules for 'australian' set to \l@english
(babel)             (\language0). Reported on input line 105.
Package babel Info: Hyphen rules for 'newzealand' set to \l@english
(babel)             (\language0). Reported on input line 108.
))
(/usr/share/texlive/texmf-dist/tex/generic/babel/locale/en/babel-english.tex
Package babel Info: Importing font and identification data for english
(babel)             from babel-en.ini. Reported on input line 11.
)
(/usr/share/texlive/texmf-dist/tex/latex/microtype/microtype.sty
Package: microtype 2023/03/13 v3.1a Micro-typographical refinements (RS)

(/usr/share/texlive/texmf-dist/tex/latex/etoolbox/etoolbox.sty
Package: etoolbox 2020/10/05 v2.5k e-TeX tools for LaTeX (JAW)
\etb@tempcnta=\count286
)
\MT@toks=\toks24
\MT@tempbox=\box55
\MT@count=\count287
LaTeX Info: Redefining \noprotrusionifhmode on input line 1059.
LaTeX Info: Redefining \leftprotrusion on input line 1060.
\MT@prot@toks=\toks25
LaTeX Info: Redefining \rightprotrusion on input line 1078.
LaTeX Info: Redefining \textls on input line 1368.
\MT@outer@kern=\dimen176
LaTeX Info: Redefining \textmicrotypecontext on input line 1988.
\MT@listname@count=\count288

(/usr/share/texlive/texmf-dist/tex/latex/microtype/microtype-pdftex.def
File: microtype-pdftex.def 2023/03/13 v3.1a Definitions specific to pdftex (RS)

LaTeX Info: Redefining \lsstyle on input line 902.
LaTeX Info: Redefining \lslig on input line 902.
\MT@outer@space=\skip56
)
Package microtype Info: Loading configuration file microtype.cfg.

(/usr/share/texlive/texmf-dist/tex/latex/microtype/microtype.cfg
File: microtype.cfg 2023/03/13 v3.1a microtype main configuration file (RS)
))
(/usr/share/texlive/texmf-dist/tex/latex/booktabs/booktabs.sty
Package: booktabs 2020/01/12 v1.61803398 Publication quality tables
\heavyrulewidth=\dimen177
\lightrulewidth=\dimen178
\cmidrulewidth=\dimen179
\belowrulesep=\dimen180
\belowbottomsep=\dimen181
\aboverulesep=\dimen182
\abovetopsep=\dimen183
\cmidrulesep=\dimen184
\cmidrulekern=\dimen185
\defaultaddspace=\dimen186
\@cmidla=\count289
\@cmidlb=\count290
\@aboverulesep=\dimen187
\@belowrulesep=\dimen188
\@thisruleclass=\count291
\@lastruleclass=\count292
\@thisrulewidth=\dimen189
)
(/usr/share/texlive/texmf-dist/tex/latex/xcolor/xcolor.sty
Package: xcolor 2023/11/15 v3.01 LaTeX color extensions (UK)

(/usr/share/texlive/texmf-dist/tex/latex/graphics-cfg/color.cfg
File: color.cfg 2016/01/02 v1.6 sample color configuration
)
Package xcolor Info: Driver file: pdftex.def on input line 274.

(/usr/share/texlive/texmf-dist/tex/latex/graphics/mathcolor.ltx)
Package xcolor Info: Model `cmy' substituted by `cmy0' on input line 1350.
Package xcolor Info: Model `hsb' substituted by `rgb' on input line 1354.
Package xcolor Info: Model `RGB' extended on input line 1366.
Package xcolor Info: Model `HTML' substituted by `rgb' on input line 1368.
Package xcolor Info: Model `Hsb' substituted by `hsb' on input line 1369.
Package xcolor Info: Model `tHsb' substituted by `hsb' on input line 1370.
Package xcolor Info: Model `HSB' substituted by `hsb' on input line 1371.
Package xcolor Info: Model `Gray' substituted by `gray' on input line 1372.
Package xcolor Info: Model `wave' substituted by `hsb' on input line 1373.
)
(/usr/share/texlive/texmf-dist/tex/latex/colortbl/colortbl.sty
Package: colortbl 2022/06/20 v1.0f Color table columns (DPC)

(/usr/share/texlive/texmf-dist/tex/latex/tools/array.sty
Package: array 2023/10/16 v2.5g Tabular extension package (FMi)
\col@sep=\dimen190
\ar@mcellbox=\box56
\extrarowheight=\dimen191
\NC@list=\toks26
\extratabsurround=\skip57
\backup@length=\skip58
\ar@cellbox=\box57
)
\everycr=\toks27
\minrowclearance=\skip59
\rownum=\count293
)
(/usr/share/texlive/texmf-dist/tex/latex/tools/tabularx.sty
Package: tabularx 2023/07/08 v2.11c `tabularx' package (DPC)
\TX@col@width=\dimen192
\TX@old@table=\dimen193
\TX@old@col=\dimen194
\TX@target=\dimen195
\TX@delta=\dimen196
\TX@cols=\count294
\TX@ftn=\toks28
)
(/usr/share/texlive/texmf-dist/tex/latex/multirow/multirow.sty
Package: multirow 2021/03/15 v2.8 Span multiple rows of a table
\multirow@colwidth=\skip60
\multirow@cntb=\count295
\multirow@dima=\skip61
\bigstrutjot=\dimen197
)
(/usr/share/texlive/texmf-dist/tex/latex/listings/listings.sty
\lst@mode=\count296
\lst@gtempboxa=\box58
\lst@token=\toks29
\lst@length=\count297
\lst@currlwidth=\dimen198
\lst@column=\count298
\lst@pos=\count299
\lst@lostspace=\dimen199
\lst@width=\dimen256
\lst@newlines=\count300
\lst@lineno=\count301
\lst@maxwidth=\dimen257

(/usr/share/texlive/texmf-dist/tex/latex/listings/lstmisc.sty
File: lstmisc.sty 2023/02/27 1.9 (Carsten Heinz)
\c@lstnumber=\count302
\lst@skipnumbers=\count303
\lst@framebox=\box59
)
(/usr/share/texlive/texmf-dist/tex/latex/listings/listings.cfg
File: listings.cfg 2023/02/27 1.9 listings configuration
))
Package: listings 2023/02/27 1.9 (Carsten Heinz)

(/usr/share/texlive/texmf-dist/tex/latex/base/alltt.sty
Package: alltt 2021/01/29 v2.0g defines alltt environment
)
(/usr/share/texlive/texmf-dist/tex/latex/hyperref/hyperref.sty
Package: hyperref 2024-01-20 v7.01h Hypertext links for LaTeX

(/usr/share/texlive/texmf-dist/tex/generic/iftex/iftex.sty
Package: iftex 2022/02/03 v1.0f TeX engine tests
)
(/usr/share/texlive/texmf-dist/tex/latex/kvsetkeys/kvsetkeys.sty
Package: kvsetkeys 2022-10-05 v1.19 Key value parser (HO)
)
(/usr/share/texlive/texmf-dist/tex/generic/kvdefinekeys/kvdefinekeys.sty
Package: kvdefinekeys 2019-12-19 v1.6 Define keys (HO)
)
(/usr/share/texlive/texmf-dist/tex/generic/pdfescape/pdfescape.sty
Package: pdfescape 2019/12/09 v1.15 Implements pdfTeX's escape features (HO)

(/usr/share/texlive/texmf-dist/tex/generic/ltxcmds/ltxcmds.sty
Package: ltxcmds 2023-12-04 v1.26 LaTeX kernel commands for general use (HO)
)
(/usr/share/texlive/texmf-dist/tex/generic/pdftexcmds/pdftexcmds.sty
Package: pdftexcmds 2020-06-27 v0.33 Utility functions of pdfTeX for LuaTeX (HO
)

(/usr/share/texlive/texmf-dist/tex/generic/infwarerr/infwarerr.sty
Package: infwarerr 2019/12/03 v1.5 Providing info/warning/error messages (HO)
)
Package pdftexcmds Info: \pdf@primitive is available.
Package pdftexcmds Info: \pdf@ifprimitive is available.
Package pdftexcmds Info: \pdfdraftmode found.
))
(/usr/share/texlive/texmf-dist/tex/latex/hycolor/hycolor.sty
Package: hycolor 2020-01-27 v1.10 Color options for hyperref/bookmark (HO)
)
(/usr/share/texlive/texmf-dist/tex/latex/auxhook/auxhook.sty
Package: auxhook 2019-12-17 v1.6 Hooks for auxiliary files (HO)
)
(/usr/share/texlive/texmf-dist/tex/latex/hyperref/nameref.sty
Package: nameref 2023-11-26 v2.56 Cross-referencing by name of section

(/usr/share/texlive/texmf-dist/tex/latex/refcount/refcount.sty
Package: refcount 2019/12/15 v3.6 Data extraction from label references (HO)
)
(/usr/share/texlive/texmf-dist/tex/generic/gettitlestring/gettitlestring.sty
Package: gettitlestring 2019/12/15 v1.6 Cleanup title references (HO)

(/usr/share/texlive/texmf-dist/tex/latex/kvoptions/kvoptions.sty
Package: kvoptions 2022-06-15 v3.15 Key value format for package options (HO)
))
\c@section@level=\count304
)
\@linkdim=\dimen258
\Hy@linkcounter=\count305
\Hy@pagecounter=\count306

(/usr/share/texlive/texmf-dist/tex/latex/hyperref/pd1enc.def
File: pd1enc.def 2024-01-20 v7.01h Hyperref: PDFDocEncoding definition (HO)
Now handling font encoding PD1 ...
... no UTF-8 mapping file for font encoding PD1
)
(/usr/share/texlive/texmf-dist/tex/generic/intcalc/intcalc.sty
Package: intcalc 2019/12/15 v1.3 Expandable calculations with integers (HO)
)
\Hy@SavedSpaceFactor=\count307

(/usr/share/texlive/texmf-dist/tex/latex/hyperref/puenc.def
File: puenc.def 2024-01-20 v7.01h Hyperref: PDF Unicode definition (HO)
Now handling font encoding PU ...
... no UTF-8 mapping file for font encoding PU
)
Package hyperref Info: Hyper figures OFF on input line 4179.
Package hyperref Info: Link nesting OFF on input line 4184.
Package hyperref Info: Hyper index ON on input line 4187.
Package hyperref Info: Plain pages OFF on input line 4194.
Package hyperref Info: Backreferencing OFF on input line 4199.
Package hyperref Info: Implicit mode ON; LaTeX internals redefined.
Package hyperref Info: Bookmarks ON on input line 4446.
\c@Hy@tempcnt=\count308

(/usr/share/texlive/texmf-dist/tex/latex/url/url.sty
\Urlmuskip=\muskip17
Package: url 2013/09/16  ver 3.4  Verb mode for urls, etc.
)
LaTeX Info: Redefining \url on input line 4784.
\XeTeXLinkMargin=\dimen259

(/usr/share/texlive/texmf-dist/tex/generic/bitset/bitset.sty
Package: bitset 2019/12/09 v1.3 Handle bit-vector datatype (HO)

(/usr/share/texlive/texmf-dist/tex/generic/bigintcalc/bigintcalc.sty
Package: bigintcalc 2019/12/15 v1.5 Expandable calculations on big integers (HO
)
))
\Fld@menulength=\count309
\Field@Width=\dimen260
\Fld@charsize=\dimen261
Package hyperref Info: Hyper figures OFF on input line 6063.
Package hyperref Info: Link nesting OFF on input line 6068.
Package hyperref Info: Hyper index ON on input line 6071.
Package hyperref Info: backreferencing OFF on input line 6078.
Package hyperref Info: Link coloring OFF on input line 6083.
Package hyperref Info: Link coloring with OCG OFF on input line 6088.
Package hyperref Info: PDF/A mode OFF on input line 6093.

(/usr/share/texlive/texmf-dist/tex/latex/base/atbegshi-ltx.sty
Package: atbegshi-ltx 2021/01/10 v1.0c Emulation of the original atbegshi
package with kernel methods
)
\Hy@abspage=\count310
\c@Item=\count311
\c@Hfootnote=\count312
)
Package hyperref Info: Driver (autodetected): hpdftex.

(/usr/share/texlive/texmf-dist/tex/latex/hyperref/hpdftex.def
File: hpdftex.def 2024-01-20 v7.01h Hyperref driver for pdfTeX

(/usr/share/texlive/texmf-dist/tex/latex/base/atveryend-ltx.sty
Package: atveryend-ltx 2020/08/19 v1.0a Emulation of the original atveryend pac
kage
with kernel methods
)
\Fld@listcount=\count313
\c@bookmark@seq@number=\count314

(/usr/share/texlive/texmf-dist/tex/latex/rerunfilecheck/rerunfilecheck.sty
Package: rerunfilecheck 2022-07-10 v1.10 Rerun checks for auxiliary files (HO)

(/usr/share/texlive/texmf-dist/tex/generic/uniquecounter/uniquecounter.sty
Package: uniquecounter 2019/12/15 v1.4 Provide unlimited unique counter (HO)
)
Package uniquecounter Info: New unique counter `rerunfilecheck' on input line 2
85.
)
\Hy@SectionHShift=\skip62
)
Package hyperref Info: Option `colorlinks' set `true' on input line 27.

(/usr/share/texlive/texmf-dist/tex/latex/tools/bm.sty
Package: bm 2023/07/08 v1.2f Bold Symbol Support (DPC/FMi)
\symboldoperators=\mathgroup6
\symboldletters=\mathgroup7
\symboldsymbols=\mathgroup8
Package bm Info: No bold for \OMX/cmex/m/n, using \pmb.
Package bm Info: No bold for \U/msa/m/n, using \pmb.
Package bm Info: No bold for \U/msb/m/n, using \pmb.
LaTeX Font Info:    Redeclaring math alphabet \mathbf on input line 149.
)
(/usr/share/texlive/texmf-dist/tex/latex/psnfss/courier.sty
Package: courier 2020/03/25 PSNFSS-v9.3 (WaS)
)
\symrsfs=\mathgroup9
{/var/lib/texmf/fonts/map/pdftex/updmap/pdftex.map}{t1-formata.map}{t1-times.ma
p}{t1-helvetica.map}{t1-giovannistd.map}
(/usr/share/texlive/texmf-dist/tex/latex/l3backend/l3backend-pdftex.def
File: l3backend-pdftex.def 2024-01-04 L3 backend support: PDF output (pdfTeX)
\l__color_backend_stack_int=\count315
\l__pdf_internal_box=\box60
)
(./access.aux)
\openout1 = `access.aux'.

LaTeX Font Info:    Checking defaults for OML/cmm/m/it on input line 84.
LaTeX Font Info:    ... okay on input line 84.
LaTeX Font Info:    Checking defaults for OMS/cmsy/m/n on input line 84.
LaTeX Font Info:    ... okay on input line 84.
LaTeX Font Info:    Checking defaults for OT1/cmr/m/n on input line 84.
LaTeX Font Info:    ... okay on input line 84.
LaTeX Font Info:    Checking defaults for T1/cmr/m/n on input line 84.
LaTeX Font Info:    ... okay on input line 84.
LaTeX Font Info:    Checking defaults for TS1/cmr/m/n on input line 84.
LaTeX Font Info:    ... okay on input line 84.
LaTeX Font Info:    Checking defaults for OMX/cmex/m/n on input line 84.
LaTeX Font Info:    ... okay on input line 84.
LaTeX Font Info:    Checking defaults for U/cmr/m/n on input line 84.
LaTeX Font Info:    ... okay on input line 84.
LaTeX Font Info:    Checking defaults for PD1/pdf/m/n on input line 84.
LaTeX Font Info:    ... okay on input line 84.
LaTeX Font Info:    Checking defaults for PU/pdf/m/n on input line 84.
LaTeX Font Info:    ... okay on input line 84.

-- Lines per column: 61 (exact).
(/usr/share/texlive/texmf-dist/tex/context/base/mkii/supp-pdf.mkii
[Loading MPS to PDF converter (version 2006.09.02).]
\scratchcounter=\count316
\scratchdimen=\dimen262
\scratchbox=\box61
\nofMPsegments=\count317
\nofMParguments=\count318
\everyMPshowfont=\toks30
\MPscratchCnt=\count319
\MPscratchDim=\dimen263
\MPnumerator=\count320
\makeMPintoPDFobject=\count321
\everyMPtoPDFconversion=\toks31
) (/usr/share/texlive/texmf-dist/tex/latex/epstopdf-pkg/epstopdf-base.sty
Package: epstopdf-base 2020-01-24 v2.11 Base part for package epstopdf
Package epstopdf-base Info: Redefining graphics rule for `.eps' on input line 4
85.

(/usr/share/texlive/texmf-dist/tex/latex/latexconfig/epstopdf-sys.cfg
File: epstopdf-sys.cfg 2010/07/13 v1.3 Configuration of (r)epstopdf for TeX Liv
e
))
LaTeX Info: Redefining \microtypecontext on input line 84.
Package microtype Info: Applying patch `item' on input line 84.
Package microtype Info: Applying patch `toc' on input line 84.
Package microtype Info: Applying patch `eqnum' on input line 84.
Package microtype Info: Applying patch `footnote' on input line 84.
Package microtype Info: Applying patch `verbatim' on input line 84.
Package microtype Info: Generating PDF output.
Package microtype Info: Character protrusion enabled (level 2).
Package microtype Info: Using default protrusion set `alltext'.
Package microtype Info: Automatic font expansion enabled (level 2),
(microtype)             stretch: 20, shrink: 20, step: 1, non-selected.
Package microtype Info: Using default expansion set `alltext-nott'.
LaTeX Info: Redefining \showhyphens on input line 84.
Package microtype Info: No adjustment of tracking.
Package microtype Info: No adjustment of interword spacing.
Package microtype Info: No adjustment of character kerning.

(/usr/share/texlive/texmf-dist/tex/latex/microtype/mt-ppl.cfg
File: mt-ppl.cfg 2005/11/16 v1.6 microtype config. file: Palatino (RS)
)
\c@lstlisting=\count322
Package hyperref Info: Link coloring ON on input line 84.
 (./access.out)
(./access.out)
\@outlinefile=\write3
\openout3 = `access.out'.

 (/usr/share/texlive/texmf-dist/tex/latex/psnfss/t1pcr.fd
File: t1pcr.fd 2001/06/04 font definitions for T1/pcr.
)
LaTeX Font Info:    Trying to load font information for OT1+phv on input line 9
5.

(/usr/share/texlive/texmf-dist/tex/latex/psnfss/ot1phv.fd
File: ot1phv.fd 2020/03/25 scalable font definitions for OT1/phv.
)
Package microtype Info: Loading generic protrusion settings for font family
(microtype)             `phv' (encoding: OT1).
(microtype)             For optimal results, create family-specific settings.
(microtype)             See the microtype manual for details.
LaTeX Font Info:    Trying to load font information for OT1+pcr on input line 9
6.

(/usr/share/texlive/texmf-dist/tex/latex/psnfss/ot1pcr.fd
File: ot1pcr.fd 2001/06/04 font definitions for OT1/pcr.
)
Package microtype Info: Loading generic protrusion settings for font family
(microtype)             `pcr' (encoding: OT1).
(microtype)             For optimal results, create family-specific settings.
(microtype)             See the microtype manual for details.
LaTeX Font Info:    Calculating math sizes for size <8.03> on input line 96.

(/usr/share/texlive/texmf-dist/tex/latex/microtype/mt-cmr.cfg
File: mt-cmr.cfg 2013/05/19 v2.2 microtype config. file: Computer Modern Roman
(RS)
)
LaTeX Font Info:    Trying to load font information for U+msa on input line 96.


(/usr/share/texlive/texmf-dist/tex/latex/amsfonts/umsa.fd
File: umsa.fd 2013/01/14 v3.01 AMS symbols A
)
(/usr/share/texlive/texmf-dist/tex/latex/microtype/mt-msa.cfg
File: mt-msa.cfg 2006/02/04 v1.1 microtype config. file: AMS symbols (a) (RS)
)
LaTeX Font Info:    Trying to load font information for U+msb on input line 96.


(/usr/share/texlive/texmf-dist/tex/latex/amsfonts/umsb.fd
File: umsb.fd 2013/01/14 v3.01 AMS symbols B
)
(/usr/share/texlive/texmf-dist/tex/latex/microtype/mt-msb.cfg
File: mt-msb.cfg 2005/06/01 v1.0 microtype config. file: AMS symbols (b) (RS)
)
LaTeX Font Info:    Font shape `U/rsfs/m/n' will be
(Font)              scaled to size 8.43152pt on input line 96.
LaTeX Font Info:    Font shape `U/rsfs/m/n' will be
(Font)              scaled to size 5.90202pt on input line 96.
LaTeX Font Info:    Font shape `U/rsfs/m/n' will be
(Font)              scaled to size 4.21576pt on input line 96.
 [1{/usr/share/texlive/texmf-dist/fonts/enc/dvips/base/8r.enc}


]
LaTeX Font Info:    Font shape `OT1/phv/m/it' in size <11.04124> not available
(Font)              Font shape `OT1/phv/m/sl' tried instead on input line 104.
LaTeX Font Info:    Calculating math sizes for size <11.04124> on input line 10
4.
LaTeX Font Info:    Font shape `U/rsfs/m/n' will be
(Font)              scaled to size 11.59334pt on input line 104.
LaTeX Font Info:    Font shape `U/rsfs/m/n' will be
(Font)              scaled to size 8.1153pt on input line 104.
LaTeX Font Info:    Font shape `U/rsfs/m/n' will be
(Font)              scaled to size 5.79666pt on input line 104.
LaTeX Font Info:    Trying to load font information for U+pzd on input line 104
.

(/usr/share/texlive/texmf-dist/tex/latex/psnfss/upzd.fd
File: upzd.fd 2001/06/04 font definitions for U/pzd.
)
Underfull \hbox (badness 10000) in paragraph at lines 104--104
[]\OT1/ppl/m/it/8.03 (+20) B. Men-donca is with the Col-lege of Com-put-ing, Ge
or-gia
 []


Underfull \hbox (badness 10000) in paragraph at lines 104--104
\OT1/ppl/m/it/8.03 (+20) In-sti-tute of Tech-nol-ogy, At-lanta, GA 30332 USA (e
-mail:
 []


Underfull \hbox (badness 10000) in paragraph at lines 104--104

 []

LaTeX Font Info:    Calculating math sizes for size <9.53561> on input line 115
.
LaTeX Font Info:    Font shape `U/rsfs/m/n' will be
(Font)              scaled to size 10.01242pt on input line 115.
LaTeX Font Info:    Font shape `U/rsfs/m/n' will be
(Font)              scaled to size 7.00865pt on input line 115.
LaTeX Font Info:    Font shape `U/rsfs/m/n' will be
(Font)              scaled to size 5.00621pt on input line 115.

Overfull \hbox (11.12715pt too wide) in paragraph at lines 141--141
[]|\OT1/ppl/m/n/9.03374 (-20) Validation/mutation
 []

(../docs/reproducibility/baselines.tex) [2

]
Underfull \vbox (badness 2302) has occurred while \output is active []


Underfull \vbox (badness 10000) has occurred while \output is active []

 [3]
Underfull \hbox (badness 2707) in paragraph at lines 235--236
\OT1/ppl/m/n/9.53561 (+20) and re-ports four pol-icy vi-o-la-tions: \OT1/pcr/m/
n/9.53561 no_privileged\OT1/ppl/m/n/9.53561 (+20) ,
 []


Underfull \hbox (badness 10000) in paragraph at lines 235--236
\OT1/pcr/m/n/9.53561 drop_capabilities\OT1/ppl/m/n/9.53561 (+20) , \OT1/pcr/m/n
/9.53561 run_as_non_root\OT1/ppl/m/n/9.53561 (+20) , and
 []


Underfull \hbox (badness 1533) in paragraph at lines 235--236
\OT1/pcr/m/n/9.53561 no_latest_tag\OT1/ppl/m/n/9.53561 (+20) . These cor-re-spo
nd to the struc-tured
 []

[4]
Underfull \hbox (badness 5563) in paragraph at lines 274--275
\OT1/ppl/m/it/9.53561 (+20) 1. De-tect\OT1/ppl/m/n/9.53561 (+20) : The de-tec-t
or flags \OT1/pcr/m/n/9.53561 read_only_root_fs\OT1/ppl/m/n/9.53561 (+20) ,
 []


Underfull \hbox (badness 1939) in paragraph at lines 311--311
[]|\OT1/ppl/m/n/7.02625 (+20) Scanner checks; no server dry-
 []


Underfull \hbox (badness 10000) in paragraph at lines 326--339
[]
 []


Underfull \hbox (badness 2134) in paragraph at lines 326--339
\OT1/ppl/m/n/9.53561 (+20) re-source bounds, and re-peat-able per-for-mance cla
ims
 []

[5]
LaTeX Font Info:    Trying to load font information for OMS+pcr on input line 3
52.
 (/usr/share/texlive/texmf-dist/tex/latex/psnfss/omspcr.fd
File: omspcr.fd
)
LaTeX Font Info:    Font shape `OMS/pcr/m/n' in size <9.53561> not available
(Font)              Font shape `OMS/cmsy/m/n' tried instead on input line 352.

Underfull \hbox (badness 1546) in paragraph at lines 352--353
[]\OT1/ppl/b/n/9.53561 (+20) Policy Re-check: \OT1/ppl/m/n/9.53561 (+20) The pa
tched man-i-fest is re-
 []


Underfull \hbox (badness 10000) in paragraph at lines 352--353
\OT1/ppl/m/n/9.53561 (+20) each cov-ered pol-icy (e.g., \OT1/pcr/m/n/9.53561 no
_latest_tag\OT1/ppl/m/n/9.53561 (+20) ,
 []


Underfull \hbox (badness 10000) in paragraph at lines 352--353
\OT1/pcr/m/n/9.53561 no_privileged\OT1/ppl/m/n/9.53561 (+20) , \OT1/pcr/m/n/9.5
3561 drop_capabilities\OT1/ppl/m/n/9.53561 (+20) ,
 []


Underfull \hbox (badness 10000) in paragraph at lines 352--353
\OT1/pcr/m/n/9.53561 drop_cap_sys_admin\OT1/ppl/m/n/9.53561 (+20) , \OT1/pcr/m/
n/9.53561 run_as_non_root\OT1/ppl/m/n/9.53561 (+20) ,
 []


Underfull \hbox (badness 10000) in paragraph at lines 352--353
\OT1/pcr/m/n/9.53561 read_only_root_fs\OT1/ppl/m/n/9.53561 (+20) , \OT1/pcr/m/n
/9.53561 no_host_* \OT1/ppl/m/n/9.53561 (+20) flags,
 []


Underfull \hbox (badness 10000) in paragraph at lines 352--353
\OT1/pcr/m/n/9.53561 no_allow_privilege_escalation\OT1/ppl/m/n/9.53561 (+20) ,
 []


Underfull \hbox (badness 10000) in paragraph at lines 352--353
\OT1/pcr/m/n/9.53561 enforce_seccomp\OT1/ppl/m/n/9.53561 (+20) , \OT1/pcr/m/n/9
.53561 set_requests_limits\OT1/ppl/m/n/9.53561 (+20) );
 []


Underfull \hbox (badness 4569) in paragraph at lines 352--353
\OT1/pcr/m/n/9.53561 --enable-rescan\OT1/ppl/m/n/9.53561 (+20) . Non-allowliste
d \OT1/pcr/m/n/9.53561 hostPath
 []


Underfull \hbox (badness 10000) in paragraph at lines 354--355
[]\OT1/ppl/b/n/9.53561 (+20) Server-side Dry-run: \OT1/ppl/m/n/9.53561 (+20) Wh
en \OT1/pcr/m/n/9.53561 kubectl \OT1/ppl/m/n/9.53561 (+20) is
 []


Underfull \hbox (badness 10000) in paragraph at lines 354--355
\OT1/pcr/m/n/9.53561 --dry-run=server \OT1/ppl/m/n/9.53561 (+20) to sim-u-late
how the
 []


Underfull \hbox (badness 10000) in paragraph at lines 357--358
[]\OT1/ppl/b/n/9.53561 (+20) No priv-i-leged con-tain-ers: \OT1/ppl/m/n/9.53561
 (+20) Blocks
 []


Underfull \hbox (badness 2277) in paragraph at lines 358--359
[]\OT1/ppl/b/n/9.53561 (+20) Dangerous ca-pa-bil-i-ties blocked: \OT1/ppl/m/n/9
.53561 (+20) Re-jects
 []


Underfull \hbox (badness 10000) in paragraph at lines 358--359
\OT1/pcr/m/n/9.53561 capabilities.add \OT1/ppl/m/n/9.53561 (+20) en-tries con-t
ain-ing
 []


Underfull \hbox (badness 10000) in paragraph at lines 358--359
\OT1/pcr/m/n/9.53561 NET_RAW\OT1/ppl/m/n/9.53561 (+20) , \OT1/pcr/m/n/9.53561 N
ET_ADMIN\OT1/ppl/m/n/9.53561 (+20) , \OT1/pcr/m/n/9.53561 SYS_ADMIN\OT1/ppl/m/n
/9.53561 (+20) ,
 []


Underfull \hbox (badness 4316) in paragraph at lines 361--362
[]\OT1/ppl/b/n/9.53561 (+20) hostPath al-lowlist/re-me-di-a-tion: \OT1/ppl/m/n/
9.53561 (+20) Re-stricts
 []


Underfull \hbox (badness 2753) in paragraph at lines 361--362
\OT1/ppl/m/n/9.53561 (+20) host mounts to ap-proved paths ([][]$/var /
 []


Underfull \hbox (badness 10000) in paragraph at lines 361--362
\OT1/ppl/m/n/9.53561 (+20) run / secrets / kubernetes . io / serviceaccount$[][
],
 []

LaTeX Font Info:    Trying to load font information for OMS+phv on input line 3
93.
(/usr/share/texlive/texmf-dist/tex/latex/psnfss/omsphv.fd
File: omsphv.fd
)
LaTeX Font Info:    Font shape `OMS/phv/m/n' in size <8.03> not available
(Font)              Font shape `OMS/cmsy/m/n' tried instead on input line 393.

Underfull \hbox (badness 1577) in paragraph at lines 393--393
\OT1/phv/m/n/8.03 (+20) Figure 1. []Closed-loop ar-chi-tec-ture with de-tec-tor
, pro-poser, and ver-i-fier gates (pol-icy re-check, schema val-i-da-tion, \OT1
/pcr/m/n/8.03 kubectl apply
 []

(/usr/share/texlive/texmf-dist/tex/latex/psnfss/omsppl.fd)
Underfull \hbox (badness 10000) in paragraph at lines 433--433
\OT1/pcr/m/n/8.03 policy_id\OT1/ppl/m/n/8.03 (+20) , \OT1/pcr/m/n/8.03 violatio
n_text\OMS/cmsy/m/n/8 g\OT1/ppl/m/n/8.03 (+20) ; seeded by \OT1/pcr/m/n/8.03 da
ta/manifests/001.yaml \OT1/ppl/m/n/8.03 (+20) and
 []


Underfull \hbox (badness 10000) in paragraph at lines 433--433
\OT1/ppl/m/n/8.03 (+20) Cur-rent pol-icy checks as-sert the trig-ger-ing pol-ic
y (e.g., \OT1/pcr/m/n/8.03 no_latest_tag\OT1/ppl/m/n/8.03 (+20) ,
 []


Underfull \hbox (badness 10000) in paragraph at lines 433--433
\OT1/pcr/m/n/8.03 read_only_root_fs\OT1/ppl/m/n/8.03 (+20) , \OT1/pcr/m/n/8.03
no_host_* \OT1/ppl/m/n/8.03 (+20) flags, \OT1/pcr/m/n/8.03 no_allow_privilege_e
scalation\OT1/ppl/m/n/8.03 (+20) ,
 []

[6]
Underfull \hbox (badness 10000) in paragraph at lines 459--460
\OT1/ppl/m/n/9.53561 (+20) con-tract tests, \OT1/pcr/m/n/9.53561 tests/test_pro
perty_guards.py
 []


Underfull \hbox (badness 1931) in paragraph at lines 459--460
\OT1/ppl/m/n/9.53561 (+20) to ver-ify that the per-policy patch-ers be-have saf
ely
 []


Underfull \hbox (badness 10000) in paragraph at lines 459--460
\OT1/ppl/m/n/9.53561 (+20) (e.g., \OT1/pcr/m/n/9.53561 drop_capabilities\OT1/pp
l/m/n/9.53561 (+20) , \OT1/pcr/m/n/9.53561 drop_cap_sys_admin\OT1/ppl/m/n/9.535
61 (+20) ,
 []


Underfull \hbox (badness 10000) in paragraph at lines 459--460
\OT1/pcr/m/n/9.53561 run_as_non_root\OT1/ppl/m/n/9.53561 (+20) , \OT1/pcr/m/n/9
.53561 enforce_seccomp\OT1/ppl/m/n/9.53561 (+20) ,
 []


Underfull \hbox (badness 10000) in paragraph at lines 459--460
\OT1/pcr/m/n/9.53561 no_allow_privilege_escalation\OT1/ppl/m/n/9.53561 (+20) ,
\OT1/pcr/m/n/9.53561 no_host_path\OT1/ppl/m/n/9.53561 (+20) ).
 []


Underfull \hbox (badness 10000) in paragraph at lines 462--463
\OT1/ppl/m/n/9.53561 (+20) Two de-lib-er-ately vul-ner-a-ble man-i-fests (\OT1/
pcr/m/n/9.53561 001.yaml\OT1/ppl/m/n/9.53561 (+20) ,
 []

[7]
Underfull \hbox (badness 1577) in paragraph at lines 464--465
\OT1/ppl/m/n/9.53561 (+20) for the re-gen-er-a-tions in Sec-tion [][]5.4[][]; t
he full de-pen-
 []

(./grok_failures_table.tex)
Underfull \hbox (badness 10000) in paragraph at lines 510--511
\OT1/ppl/b/n/9.53561 (+20) Detector ac-cu-racy. \OT1/ppl/m/n/9.53561 (+20) Run-
ning
 []


Underfull \hbox (badness 6842) in paragraph at lines 510--511
\OT1/pcr/m/n/9.53561 scripts/eval_detector.py \OT1/ppl/m/n/9.53561 (+20) on a s
yn-thetic nine-
 []


Underfull \hbox (badness 4205) in paragraph at lines 510--511
\OT1/ppl/m/n/9.53561 (+20) re-play ([][]$data / live[]cluster / results[]1k . j
son$[][]; sum-mary in
 []

[8]
<../figures/fairness_waits.png, id=357, 469.755pt x 252.945pt>
File: ../figures/fairness_waits.png Graphic file (type png)
<use ../figures/fairness_waits.png>
Package pdftex.def Info: ../figures/fairness_waits.png  used on input line 552.

(pdftex.def)             Requested size: 227.64894pt x 122.57782pt.
<../figures/admission_vs_posthoc.png, id=365, 867.24pt x 505.89pt>
File: ../figures/admission_vs_posthoc.png Graphic file (type png)
<use ../figures/admission_vs_posthoc.png>
Package pdftex.def Info: ../figures/admission_vs_posthoc.png  used on input lin
e 598.
(pdftex.def)             Requested size: 227.64894pt x 132.79425pt.

Underfull \hbox (badness 5490) in paragraph at lines 599--599
\OT1/phv/m/n/8.03 (+20) Figure 3. []Comparison of admission-time (Kyverno) and
post-
 []

<../figures/mode_comparison.png, id=366, 433.62pt x 289.08pt>
File: ../figures/mode_comparison.png Graphic file (type png)
<use ../figures/mode_comparison.png>
Package pdftex.def Info: ../figures/mode_comparison.png  used on input line 605
.
(pdftex.def)             Requested size: 227.64894pt x 151.76926pt.
<../figures/operator_ab.png, id=369, 571.4148pt x 353.6412pt>
File: ../figures/operator_ab.png Graphic file (type png)
<use ../figures/operator_ab.png>
Package pdftex.def Info: ../figures/operator_ab.png  used on input line 612.
(pdftex.def)             Requested size: 227.64894pt x 140.88737pt.
[9 <../figures/fairness_waits.png>]
Overfull \hbox (65.95776pt too wide) in paragraph at lines 642--653
 [][]
 []


Underfull \hbox (badness 10000) in paragraph at lines 670--671
\OT1/ppl/m/n/9.53561 (+20) The re-pro-ducibil-ity bun-dle (\OT1/pcr/m/n/9.53561
 make
 []


Underfull \hbox (badness 3989) in paragraph at lines 670--671
\OT1/ppl/m/n/9.53561 (+20) be-fore ver-i-fi-ca-tion. We threat-modeled ma-li-ci
ous or
 []


Underfull \hbox (badness 1838) in paragraph at lines 670--671
\OT1/ppl/m/n/9.53561 (+20) sur-faces un-ver-i-fied patches. Resid-ual risks|pri
marily
 []


Underfull \hbox (badness 1681) in paragraph at lines 670--671
\OT1/ppl/m/n/9.53561 (+20) guardrails harden high-privilege Dae-mon-Sets with-o
ut
 []

[10 <../figures/admission_vs_posthoc.png> <../figures/mode_comparison.png> <../
figures/operator_ab.png>]
Underfull \hbox (badness 10000) in paragraph at lines 721--721
 \OT1/phv/b/n/9.53561 (+20) 5.7 Threat In-tel-li-gence and Risk Scor-ing
 []

[11]
Underfull \hbox (badness 6592) in paragraph at lines 751--752
\OT1/ppl/m/n/9.53561 (+20) CLI base-line (\OT1/pcr/m/n/9.53561 scripts/run_kyve
rno_baseline.py\OT1/ppl/m/n/9.53561 (+20) ,
 []


Underfull \hbox (badness 10000) in paragraph at lines 751--752
\OT1/pcr/m/n/9.53561 data/baselines/kyverno_baseline.csv\OT1/ppl/m/n/9.53561 (+
20) ) achieves
 []


Underfull \hbox (badness 10000) in paragraph at lines 787--787
[]\OT1/pcr/m/n/9.53561 --- a/manifest.yaml +++ b/manifest.yaml
 []


Underfull \hbox (badness 10000) in paragraph at lines 787--787
\OT1/pcr/m/n/9.53561 @@ -8,4 +8,4 @@ volumes: - name:
 []


Underfull \hbox (badness 10000) in paragraph at lines 787--787
\OT1/pcr/m/n/9.53561 host-data hostPath: - path: /var/lib/data
 []

[12]
LaTeX Font Info:    Trying to load font information for TS1+ppl on input line 8
72.
 (/usr/share/texlive/texmf-dist/tex/latex/psnfss/ts1ppl.fd
File: ts1ppl.fd 2001/06/04 font definitions for TS1/ppl.
)
Underfull \hbox (badness 2418) in paragraph at lines 872--873
\OT1/ppl/m/n/9.53561 (+20) pub-lic ar-ti-fact bun-dle (\OT1/pcr/m/n/9.53561 mak
e reproducible-report\OT1/ppl/m/n/9.53561 (+20) ,
 []


Underfull \hbox (badness 4492) in paragraph at lines 876--877
[]\OT1/ppl/m/n/9.53561 (+20) Near-term ef-forts fo-cus on keep-ing the seeded
 []


Underfull \hbox (badness 1742) in paragraph at lines 876--877
\OT1/ppl/m/n/9.53561 (+20) em-bed-ded sur-veys to val-i-date the sched-uler aga
inst
 []


Underfull \hbox (badness 10000) in paragraph at lines 876--877
[][]$\OT1/ppl/m/n/9.53561 (+20) https : / / github . com / bmendonca3 / k8s-[]a
uto-[]^^Lx$[][] (com-mit
 []


Underfull \hbox (badness 10000) in paragraph at lines 876--877
\OT1/pcr/m/n/9.53561 e4af5efa7b0a52d7b7e58d76879b0060b354af27\OT1/ppl/m/n/9.535
61 (+20) ),
 []


Underfull \hbox (badness 10000) in paragraph at lines 876--877
\OT1/ppl/m/n/9.53561 (+20) with a long-term snap-shot mir-rored in
 []


Overfull \hbox (10.90501pt too wide) in paragraph at lines 876--877
\OT1/pcr/m/n/9.53561 archives/k8s-auto-fix-evidence-20251020.tar.gz\OT1/ppl/m/n
/9.53561 (-20) .
 []

[13]
Underfull \hbox (badness 10000) in paragraph at lines 899--900
\OT1/ppl/m/n/8.03 (+20) [On-line]. Avail-able: [][]$https : / / kubernetes . io
 / docs / tasks /
 []


Underfull \hbox (badness 3635) in paragraph at lines 917--918
[]\OT1/ppl/m/n/8.03 (+20) CISA Known Ex-ploited Vul-ner-a-bil-i-ties Cat-a-log.
 Ac-cessed:
 []


Underfull \hbox (badness 10000) in paragraph at lines 917--918
\OT1/ppl/m/n/8.03 (+20) Oct. 2025. [On-line]. Avail-able: [][]$https : / / www
. cisa . gov /
 []


Underfull \hbox (badness 1354) in paragraph at lines 920--921
[]\OT1/ppl/m/n/8.03 (+20) FIRST Ex-ploit Pre-dic-tion Scor-ing Sys-tem (EPSS).
Ac-cessed:
 []

<brian_mendonca_photo.png, id=512, 698.61pt x 545.03625pt>
File: brian_mendonca_photo.png Graphic file (type png)
<use brian_mendonca_photo.png>
Package pdftex.def Info: brian_mendonca_photo.png  used on input line 969.
(pdftex.def)             Requested size: 72.26357pt x 56.37804pt.
File: brian_mendonca_photo.png Graphic file (type png)
<use brian_mendonca_photo.png>
Package pdftex.def Info: brian_mendonca_photo.png  used on input line 969.
(pdftex.def)             Requested size: 72.26357pt x 56.37804pt.
[14]
<vijay_madisetti_photo.png, id=554, 176.66pt x 212.795pt>
File: vijay_madisetti_photo.png Graphic file (type png)
<use vijay_madisetti_photo.png>
Package pdftex.def Info: vijay_madisetti_photo.png  used on input line 977.
(pdftex.def)             Requested size: 72.26932pt x 87.05168pt.
File: vijay_madisetti_photo.png Graphic file (type png)
<use vijay_madisetti_photo.png>
Package pdftex.def Info: vijay_madisetti_photo.png  used on input line 977.
(pdftex.def)             Requested size: 72.26932pt x 87.05168pt.
 [15

 <./brian_mendonca_photo.png> <./vijay_madisetti_photo.png>] [16


]
Underfull \hbox (badness 10000) in paragraph at lines 999--1000
[]\OT1/ppl/m/n/9.53561 (+20) Look up the de-tec-tion meta-data in
 []


Overfull \hbox (3.87727pt too wide) in paragraph at lines 999--1000
\OT1/pcr/m/n/9.53561 data/batch_runs/detections_grok200.json
 []


Underfull \hbox (badness 10000) in paragraph at lines 1000--1001
[]\OT1/ppl/m/n/9.53561 (+20) Normalise the pol-icy iden-ti-fier and pull
 []


Underfull \hbox (badness 5203) in paragraph at lines 1000--1001
\OT1/ppl/m/n/9.53561 (+20) its risk weight and ex-pected la-tency from
 []


Underfull \hbox (badness 10000) in paragraph at lines 1000--1001
\OT1/pcr/m/n/9.53561 data/policy_metrics_grok200.json\OT1/ppl/m/n/9.53561 (+20)
 . For
 []


Underfull \hbox (badness 10000) in paragraph at lines 1001--1002
[]\OT1/ppl/m/n/9.53561 (+20) Inspect the pro-poser/ver-i-fier records
 []


Underfull \hbox (badness 10000) in paragraph at lines 1001--1002
\OT1/ppl/m/n/9.53561 (+20) (\OT1/pcr/m/n/9.53561 data/batch_runs/patches_grok20
0.json\OT1/ppl/m/n/9.53561 (+20) ;
 []


Underfull \hbox (badness 10000) in paragraph at lines 1001--1002
\OT1/pcr/m/n/9.53561 data/batch_runs/verified_grok200.json\OT1/ppl/m/n/9.53561
(+20) )
 []

[17


]
Overfull \hbox (37.25505pt too wide) in paragraph at lines 1011--1030
 [][]
 []

[18


] [19


] [20


]
Underfull \hbox (badness 10000) in paragraph at lines 1087--1087
[][][][]\OT1/ppl/m/n/8.03 (+20) Command: \OT1/pcr/m/n/8.03 python scripts/colle
ct_artifacthub.py
 []

[21


] (./access.aux)
 ***********
LaTeX2e <2023-11-01> patch level 1
L3 programming layer <2024-01-22>
 ***********
Package rerunfilecheck Info: File `access.out' has not changed.
(rerunfilecheck)             Checksum: 023770683BAC105FADCC4889BB80D3E4;6178.
 )
Here is how much of TeX's memory you used:
 17742 strings out of 476106
 277137 string characters out of 5793933
 2073975 words of memory out of 5000000
 38722 multiletter control sequences out of 15000+600000
 653044 words of font info for 571 fonts, out of 8000000 for 9000
 59 hyphenation exceptions out of 8191
 75i,16n,79p,1558b,2038s stack positions out of 10000i,1000n,20000p,200000b,200000s
</usr/share/texlive/texmf-dist/fonts/type1/public/amsfonts/cm/cmbx10.pfb></us
r/share/texlive/texmf-dist/fonts/type1/public/amsfonts/cm/cmbx7.pfb></usr/share
/texlive/texmf-dist/fonts/type1/public/amsfonts/cm/cmex10.pfb></usr/share/texli
ve/texmf-dist/fonts/type1/public/amsfonts/cmextra/cmex7.pfb></usr/share/texlive
/texmf-dist/fonts/type1/public/amsfonts/cmextra/cmex9.pfb></usr/share/texlive/t
exmf-dist/fonts/type1/public/amsfonts/cm/cmmi10.pfb></usr/share/texlive/texmf-d
ist/fonts/type1/public/amsfonts/cm/cmmi5.pfb></usr/share/texlive/texmf-dist/fon
ts/type1/public/amsfonts/cm/cmmi6.pfb></usr/share/texlive/texmf-dist/fonts/type
1/public/amsfonts/cm/cmmi7.pfb></usr/share/texlive/texmf-dist/fonts/type1/publi
c/amsfonts/cm/cmmi8.pfb></usr/share/texlive/texmf-dist/fonts/type1/public/amsfo
nts/cm/cmmi9.pfb></usr/share/texlive/texmf-dist/fonts/type1/public/amsfonts/cm/
cmr10.pfb></usr/share/texlive/texmf-dist/fonts/type1/public/amsfonts/cm/cmr6.pf
b></usr/share/texlive/texmf-dist/fonts/type1/public/amsfonts/cm/cmr7.pfb></usr/
share/texlive/texmf-dist/fonts/type1/public/amsfonts/cm/cmr8.pfb></usr/share/te
xlive/texmf-dist/fonts/type1/public/amsfonts/cm/cmr9.pfb></usr/share/texlive/te
xmf-dist/fonts/type1/public/amsfonts/cm/cmsy10.pfb></usr/share/texlive/texmf-di
st/fonts/type1/public/amsfonts/cm/cmsy6.pfb></usr/share/texlive/texmf-dist/font
s/type1/public/amsfonts/cm/cmsy7.pfb></usr/share/texlive/texmf-dist/fonts/type1
/public/amsfonts/cm/cmsy8.pfb></usr/share/texlive/texmf-dist/fonts/type1/public
/amsfonts/cm/cmsy9.pfb></usr/share/texlive/texmf-dist/fonts/type1/public/amsfon
ts/latxfont/line10.pfb></usr/share/texlive/texmf-dist/fonts/type1/public/amsfon
ts/symbols/msbm10.pfb></usr/share/texlive/texmf-dist/fonts/type1/public/amsfont
s/symbols/msbm7.pfb></usr/share/texlive/texmf-dist/fonts/type1/urw/courier/ucrb
8a.pfb></usr/share/texlive/texmf-dist/fonts/type1/urw/courier/ucrr8a.pfb></usr/
share/texlive/texmf-dist/fonts/type1/urw/helvetic/uhvb8a.pfb></usr/share/texliv
e/texmf-dist/fonts/type1/urw/helvetic/uhvr8a.pfb></usr/share/texlive/texmf-dist
/fonts/type1/urw/helvetic/uhvro8a.pfb></usr/share/texlive/texmf-dist/fonts/type
1/urw/palatino/uplb8a.pfb></usr/share/texlive/texmf-dist/fonts/type1/urw/palati
no/uplr8a.pfb></usr/share/texlive/texmf-dist/fonts/type1/urw/palatino/uplri8a.p
fb></usr/share/texlive/texmf-dist/fonts/type1/urw/zapfding/uzdr.pfb>
Output written on access.pdf (21 pages, 1611773 bytes).
PDF statistics:
 864 PDF objects out of 1000 (max. 8388607)
 707 compressed objects within 8 object streams
 176 named destinations out of 1000 (max. 500000)
 119103 words of extra memory for PDF output out of 128383 (max. 10000000)
