mktextfm t1-formata-regsymb
mktextfm t1-times
mktextfm t1-times
mktextfm t1-formata-regsymb
mktextfm t1-times
mktextfm t1-times
mktextfm t1-formata-regsymb
mktextfm t1-times
mktextfm t1-times
mktextfm t1-formata-regular
mktextfm t1-formata-bold
mktextfm t1-times-italic
mktextfm t1-times-italic
mktextfm t1-times-italic
mktextfm t1-times-bold
mktextfm t1-formata-medium
mktextfm t1-formata-regular
mktextfm t1-formata-mediumitalic
mktextfm t1-formata-regular
mktextfm t1-giovannistd-bookitalic
mktextfm t1-formata-condmedium
mktextfm t1-formata-medium
mktextfm t1-times-italic
mktextfm t1-times-italic
mktextfm t1-times-italic
mktextfm t1-formata-medium
mktextfm t1-times
mktextfm t1-times-italic
mktextfm t1-times-italic
mktextfm t1-times-italic
mktextfm t1-times
mktextfm t1-times
mktextfm t1-formata-bold
mktextfm t1-times
mktextfm t1-times
mktextfm t1-formata-bold
mktextfm t1-formata-medium
mktextfm t1-times-italic
mktextfm t1-times-italic
mktextfm t1-times-bold
mktextfm t1-formata-mediumitalic
mktextfm t1-formata-medium
mktextfm t1-formata-mediumitalic
mktextfm t1-formata-mediumitalic
mktextfm t1-times-italic
mktextfm t1-times-bold
mktextfm t1-times
mktextfm t1-times
mktextfm t1-times
mktextfm t1-times
mktextfm t1-times
mktextfm t1-times
mktextfm t1-times-italic
mktextfm t1-times-italic
mktextfm t1-times-italic
mktextfm t1-times
mktextfm t1-times-italic
mktextfm t1-times
mktextfm t1-formata-regular
mktextfm t1-formata-medium
mktextfm t1-formata-regsymb
mktextfm t1-times
mktextfm t1-times
mktextfm t1-formata-regular
mktextfm t1-formata-bold
mktextfm t1-times-italic
mktextfm t1-times-italic
mktextfm t1-times-italic
mktextfm t1-times-bold
mktextfm t1-formata-medium
mktextfm t1-formata-regular
mktextfm t1-formata-mediumitalic
mktextfm t1-formata-regular
mktextfm t1-giovannistd-bookitalic
mktextfm t1-formata-condmedium
mktextfm t1-formata-medium
mktextfm t1-times-italic
mktextfm t1-times-italic
mktextfm t1-times-italic
mktextfm t1-formata-medium
mktextfm t1-times
mktextfm t1-times-italic
mktextfm t1-times-italic
mktextfm t1-times-italic
mktextfm t1-times
mktextfm t1-times
mktextfm t1-formata-bold
mktextfm t1-times
mktextfm t1-times
mktextfm t1-formata-bold
mktextfm t1-formata-medium
mktextfm t1-times-italic
mktextfm t1-times-italic
mktextfm t1-times-bold
mktextfm t1-formata-mediumitalic
mktextfm t1-formata-medium
mktextfm t1-formata-mediumitalic
mktextfm t1-formata-mediumitalic
mktextfm t1-times-italic
mktextfm t1-times-bold
mktextfm t1-times
mktextfm t1-times
mktextfm t1-times
mktextfm t1-times
mktextfm t1-times
mktextfm t1-times
mktextfm t1-times-italic
mktextfm t1-times-italic
mktextfm t1-times-italic
mktextfm t1-times
mktextfm t1-times-italic
mktextfm t1-times
mktextfm t1-formata-regular
mktextfm t1-formata-medium
mktextfm t1-formata-regsymb
mktextfm t1-times
mktextfm t1-times
mktextfm t1-formata-regular
mktextfm t1-formata-bold
mktextfm t1-times-italic
mktextfm t1-times-italic
mktextfm t1-times-italic
mktextfm t1-times-bold
mktextfm t1-formata-medium
mktextfm t1-formata-regular
mktextfm t1-formata-mediumitalic
mktextfm t1-formata-regular
mktextfm t1-giovannistd-bookitalic
mktextfm t1-formata-condmedium
mktextfm t1-formata-medium
mktextfm t1-times-italic
mktextfm t1-times-italic
mktextfm t1-times-italic
mktextfm t1-formata-medium
mktextfm t1-times
mktextfm t1-times-italic
mktextfm t1-times-italic
mktextfm t1-times-italic
mktextfm t1-times
mktextfm t1-times
mktextfm t1-formata-bold
mktextfm t1-times
mktextfm t1-times
mktextfm t1-formata-bold
mktextfm t1-formata-medium
mktextfm t1-times-italic
mktextfm t1-times-italic
mktextfm t1-times-bold
mktextfm t1-formata-mediumitalic
mktextfm t1-formata-medium
mktextfm t1-formata-mediumitalic
mktextfm t1-formata-mediumitalic
mktextfm ptmr7t
mktextfm ptmr7t
mktextfm ptmr7t
mktextfm ptmb7t
mktextfm nullfont
mktextfm ptmri7t
mktextfm ptmbi7t
mktextfm nullfont
mktextfm ptmr7t
mktextfm ptmb7t
mktextfm nullfont
mktextfm ptmri7t
mktextfm ptmbi7t
mktextfm nullfont
mktextfm ptmr7t
mktextfm ptmb7t
mktextfm nullfont
mktextfm ptmri7t
mktextfm ptmbi7t
mktextfm nullfont
mktextfm ptmb7t
mktextfm nullfont
mktextfm ptmri7t
mktextfm ptmbi7t
mktextfm nullfont
mktextfm ptmb7t
mktextfm nullfont
mktextfm ptmri7t
mktextfm ptmbi7t
mktextfm nullfont
mktextfm ptmr7t
mktextfm ptmb7t
mktextfm nullfont
mktextfm ptmri7t
mktextfm ptmbi7t
mktextfm nullfont
mktextfm ptmr7t
mktextfm ptmb7t
mktextfm nullfont
mktextfm ptmri7t
mktextfm ptmbi7t
mktextfm nullfont
mktextfm ptmr7t
mktextfm ptmb7t
mktextfm nullfont
mktextfm ptmri7t
mktextfm ptmbi7t
mktextfm nullfont
mktextfm ptmr7t
mktextfm ptmb7t
mktextfm nullfont
mktextfm ptmri7t
mktextfm ptmbi7t
mktextfm nullfont
mktextfm ptmr7t
mktextfm ptmb7t
mktextfm nullfont
mktextfm ptmri7t
mktextfm ptmbi7t
mktextfm nullfont
mktextfm ptmr8t
mktextfm pcrr8t
mktextfm pcrr8t
mktextfm pcrr8t
mktextfm pcrr8t
mktextfm pcrr8t
mktextfm ptmr7t
mktextfm ptmr7t
mktextfm ptmr7t
mktextfm ptmb7t
mktextfm nullfont
mktextfm ptmri7t
mktextfm ptmbi7t
mktextfm nullfont
mktextfm ptmr7t
mktextfm ptmb7t
mktextfm nullfont
mktextfm ptmri7t
mktextfm ptmbi7t
mktextfm nullfont
mktextfm ptmr7t
mktextfm ptmb7t
mktextfm nullfont
mktextfm ptmri7t
mktextfm ptmbi7t
mktextfm nullfont
mktextfm ptmb7t
mktextfm nullfont
mktextfm ptmri7t
mktextfm ptmbi7t
mktextfm nullfont
mktextfm ptmb7t
mktextfm nullfont
mktextfm ptmri7t
mktextfm ptmbi7t
mktextfm nullfont
mktextfm ptmr7t
mktextfm ptmb7t
mktextfm nullfont
mktextfm ptmri7t
mktextfm ptmbi7t
mktextfm nullfont
mktextfm ptmr7t
mktextfm ptmb7t
mktextfm nullfont
mktextfm ptmri7t
mktextfm ptmbi7t
mktextfm nullfont
mktextfm ptmr7t
mktextfm ptmb7t
mktextfm nullfont
mktextfm ptmri7t
mktextfm ptmbi7t
mktextfm nullfont
mktextfm ptmr7t
mktextfm ptmb7t
mktextfm nullfont
mktextfm ptmri7t
mktextfm ptmbi7t
mktextfm nullfont
mktextfm ptmr7t
mktextfm ptmb7t
mktextfm nullfont
mktextfm ptmri7t
mktextfm ptmbi7t
mktextfm nullfont
mktextfm ptmr8t
mktextfm pcrr8t
mktextfm pcrr8t
mktextfm pcrr8t
mktextfm pcrr8t
mktextfm pcrr8t
mktextfm ptmr7t
mktextfm ptmr7t
mktextfm ptmr7t
mktextfm ptmb7t
mktextfm nullfont
mktextfm ptmri7t
mktextfm ptmbi7t
mktextfm nullfont
mktextfm ptmr7t
mktextfm ptmb7t
mktextfm nullfont
mktextfm ptmri7t
mktextfm ptmbi7t
mktextfm nullfont
mktextfm ptmr7t
mktextfm ptmb7t
mktextfm nullfont
mktextfm ptmri7t
mktextfm ptmbi7t
mktextfm nullfont
mktextfm ptmb7t
mktextfm nullfont
mktextfm ptmri7t
mktextfm ptmbi7t
mktextfm nullfont
mktextfm ptmb7t
mktextfm nullfont
mktextfm ptmri7t
mktextfm ptmbi7t
mktextfm nullfont
mktextfm ptmr7t
mktextfm ptmb7t
mktextfm nullfont
mktextfm ptmri7t
mktextfm ptmbi7t
mktextfm nullfont
mktextfm ptmr7t
mktextfm ptmb7t
mktextfm nullfont
mktextfm ptmri7t
mktextfm ptmbi7t
mktextfm nullfont
mktextfm ptmr7t
mktextfm ptmb7t
mktextfm nullfont
mktextfm ptmri7t
mktextfm ptmbi7t
mktextfm nullfont
mktextfm ptmr7t
mktextfm ptmb7t
mktextfm nullfont
mktextfm ptmri7t
mktextfm ptmbi7t
mktextfm nullfont
mktextfm ptmr7t
mktextfm ptmb7t
mktextfm nullfont
mktextfm ptmri7t
mktextfm ptmbi7t
mktextfm nullfont
mktextfm ptmr8t
mktextfm pcrr8t
mktextfm pcrr8t
mktextfm pcrr8t
mktextfm pcrr8t
mktextfm pcrr8t
mktextfm pcrr8t
mktextfm ptmr7t
mktextfm ptmr7t
mktextfm ptmr7t
mktextfm ptmb7t
mktextfm nullfont
mktextfm ptmri7t
mktextfm ptmbi7t
mktextfm nullfont
mktextfm ptmr7t
mktextfm ptmb7t
mktextfm nullfont
mktextfm ptmri7t
mktextfm ptmbi7t
mktextfm nullfont
mktextfm ptmr7t
mktextfm ptmb7t
mktextfm nullfont
mktextfm ptmri7t
mktextfm ptmbi7t
mktextfm nullfont
mktextfm ptmb7t
mktextfm nullfont
mktextfm ptmri7t
mktextfm ptmbi7t
mktextfm nullfont
mktextfm ptmb7t
mktextfm nullfont
mktextfm ptmri7t
mktextfm ptmbi7t
mktextfm nullfont
mktextfm ptmr7t
mktextfm ptmb7t
mktextfm nullfont
mktextfm ptmri7t
mktextfm ptmbi7t
mktextfm nullfont
mktextfm ptmr7t
mktextfm ptmb7t
mktextfm nullfont
mktextfm ptmri7t
mktextfm ptmbi7t
mktextfm nullfont
mktextfm ptmr7t
mktextfm ptmb7t
mktextfm nullfont
mktextfm ptmri7t
mktextfm ptmbi7t
mktextfm nullfont
mktextfm ptmr7t
mktextfm ptmb7t
mktextfm nullfont
mktextfm ptmri7t
mktextfm ptmbi7t
mktextfm nullfont
mktextfm ptmr7t
mktextfm ptmb7t
mktextfm nullfont
mktextfm ptmri7t
mktextfm ptmbi7t
mktextfm nullfont
mktextfm ptmr8t
mktextfm pcrr8t
mktextfm pcrr8t
mktextfm pcrr8t
mktextfm pcrr8t
mktextfm pcrr8t
mktextfm pcrr8t
mktextfm ptm
mktextfm t1-formata-regsymb
mktextfm t1-giovannistd-bookitalic
